This is TeX, Version 3.14159 (Web2C 7.3.1) (format=latex 2003.7.23)  28 JUN 2004 20:11
**./images.tex
(./images.tex
LaTeX2e <2001/06/01>
Babel <v3.7h> and hyphenation patterns for english, french, german, ngerman, it
alian, spanish, dumylang, nohyphenation, loaded.

(/usr/local/lib/texmf/tex/latex/base/article.cls
Document Class: article 2001/04/21 v1.4e Standard LaTeX document class
(/usr/local/lib/texmf/tex/latex/base/size10.clo
File: size10.clo 2001/04/21 v1.4e Standard LaTeX file (size option)
)
\c@part=\count79
\c@section=\count80
\c@subsection=\count81
\c@subsubsection=\count82
\c@paragraph=\count83
\c@subparagraph=\count84
\c@figure=\count85
\c@table=\count86
\abovecaptionskip=\skip41
\belowcaptionskip=\skip42
\bibindent=\dimen102
) (/usr/local/lib/texmf/tex/latex/base/ifthen.sty
Package: ifthen 2001/05/26 v1.1c Standard LaTeX ifthen package (DPC)
) (/usr/local/lib/texmf/tex/latex/fancyhdr/fancyhdr.sty
\headwidth=\dimen103
) (/usr/local/lib/texmf/tex/latex/graphics/epsfig.sty
Package: epsfig 1999/02/16 v1.7a (e)psfig emulation (SPQR)
(/usr/local/lib/texmf/tex/latex/graphics/graphicx.sty
Package: graphicx 1999/02/16 v1.0f Enhanced LaTeX Graphics (DPC,SPQR)
(/usr/local/lib/texmf/tex/latex/graphics/keyval.sty
Package: keyval 1999/03/16 v1.13 key=value parser (DPC)
\KV@toks@=\toks14
) (/usr/local/lib/texmf/tex/latex/graphics/graphics.sty
Package: graphics 2001/07/07 v1.0n Standard LaTeX Graphics (DPC,SPQR)
(/usr/local/lib/texmf/tex/latex/graphics/trig.sty
Package: trig 1999/03/16 v1.09 sin cos tan (DPC)
) (/usr/local/lib/texmf/tex/latex/texlive/graphics.cfg)
Package graphics Info: Driver file: dvips.def on input line 80.
(/usr/local/lib/texmf/tex/latex/graphics/dvips.def
File: dvips.def 1999/02/16 v3.0i Driver-dependant file (DPC,SPQR)
))
\Gin@req@height=\dimen104
\Gin@req@width=\dimen105
)
\epsfxsize=\dimen106
\epsfysize=\dimen107
) (/usr/local/lib/texmf/tex/latex/base/makeidx.sty
Package: makeidx 2000/03/29 v1.0m Standard LaTeX package
) (/usr/local/lib/texmf/tex/latex/latex2html/html.sty (/usr/local/lib/texmf/tex
/latex/hyperref/hyperref.sty
Package: hyperref 2003/07/22 v6.74g Hypertext links for LaTeX
\@linkdim=\dimen108
\Hy@linkcounter=\count87
\Hy@pagecounter=\count88
(/usr/local/lib/texmf/tex/latex/hyperref/pd1enc.def
File: pd1enc.def 2003/07/22 v6.74g Hyperref: PDFDocEncoding definition (HO)
) (/0/cafe/bmanuel/aldor/lib/algebra/doc/tex/hyperref.cfg)
Package hyperref Info: Hyper figures OFF on input line 1879.
Package hyperref Info: Link nesting OFF on input line 1884.
Package hyperref Info: Hyper index ON on input line 1887.
Package hyperref Info: Plain pages ON on input line 1892.
Package hyperref Info: Backreferencing OFF on input line 1899.
Implicit mode ON; LaTeX internals redefined
Package hyperref Info: Bookmarks ON on input line 2003.
(/usr/local/lib/texmf/tex/latex/ltxmisc/url.sty
\Urlmuskip=\muskip10
Package: url 1999/03/28  ver 1.5x  Verb mode for urls, etc.
)
LaTeX Info: Redefining \url on input line 2142.
\Fld@menulength=\count89
\Field@Width=\dimen109
\Fld@charsize=\dimen110
\Choice@toks=\toks15
\Field@toks=\toks16
Package hyperref Info: Hyper figures OFF on input line 2617.
Package hyperref Info: Link nesting OFF on input line 2622.
Package hyperref Info: Hyper index ON on input line 2625.
Package hyperref Info: backreferencing OFF on input line 2632.
Package hyperref Info: Link coloring OFF on input line 2637.
\c@Item=\count90
\c@Hfootnote=\count91
)
*hyperref using driver hypertex*
(/usr/local/lib/texmf/tex/latex/hyperref/hypertex.def
File: hypertex.def 2003/07/22 v6.74g Hyperref driver for HyperTeX specials
)
Package: html 1999/07/19 v1.38 hypertext commands for latex2html (nd, hws, rrm)

\c@lpart=\count92
\c@lchapter=\count93
\c@chapter=\count94
\c@lsection=\count95
\c@lsubsection=\count96
\c@lsubsubsection=\count97
\c@lparagraph=\count98
\c@lsubparagraph=\count99
\c@lsubsubparagraph=\count100
\ptrfile=\write3
)
\@indexfile=\write4
\openout4 = `images.idx'.

Writing index file images.idx
(/usr/local/lib/texmf/tex/latex/bbm/bbm.sty
Package: bbm 1999/03/15 V 1.2 provides fonts for set symbols - TH
LaTeX Font Info:    Overwriting math alphabet `\mathbbm' in version `bold'
(Font)                  U/bbm/m/n --> U/bbm/bx/n on input line 33.
LaTeX Font Info:    Overwriting math alphabet `\mathbbmss' in version `bold'
(Font)                  U/bbmss/m/n --> U/bbmss/bx/n on input line 35.
) (/usr/local/lib/texmf/tex/latex/tools/xspace.sty
Package: xspace 1997/10/13 v1.06 Space after command names (DPC)
) (/usr/local/lib/texmf/tex/latex/graphics/color.sty
Package: color 1999/02/16 v1.0i Standard LaTeX Color (DPC)
(/usr/local/lib/texmf/tex/latex/texlive/color.cfg)
Package color Info: Driver file: dvips.def on input line 125.
(/usr/local/lib/texmf/tex/latex/graphics/dvipsnam.def
File: dvipsnam.def 1999/02/16 v3.0i Driver-dependant file (DPC,SPQR)
)) (/usr/local/lib/texmf/tex/latex/base/inputenc.sty
Package: inputenc 2001/07/10 v0.99a Input encoding file 
(/usr/local/lib/texmf/tex/latex/base/latin1.def
File: latin1.def 2001/07/10 v0.99a Input encoding file 
))
\sizebox=\box26
\lthtmlwrite=\write5
(images.aux

LaTeX Warning: Label `ExpressionTreeExpt' multiply defined.


LaTeX Warning: Label `Token:name' multiply defined.


LaTeX Warning: Label `Complex' multiply defined.

)
\openout1 = `images.aux'.

LaTeX Font Info:    Checking defaults for OML/cmm/m/it on input line 466.
LaTeX Font Info:    ... okay on input line 466.
LaTeX Font Info:    Checking defaults for T1/cmr/m/n on input line 466.
LaTeX Font Info:    ... okay on input line 466.
LaTeX Font Info:    Checking defaults for OT1/cmr/m/n on input line 466.
LaTeX Font Info:    ... okay on input line 466.
LaTeX Font Info:    Checking defaults for OMS/cmsy/m/n on input line 466.
LaTeX Font Info:    ... okay on input line 466.
LaTeX Font Info:    Checking defaults for OMX/cmex/m/n on input line 466.
LaTeX Font Info:    ... okay on input line 466.
LaTeX Font Info:    Checking defaults for U/cmr/m/n on input line 466.
LaTeX Font Info:    ... okay on input line 466.
LaTeX Font Info:    Checking defaults for PD1/pdf/m/n on input line 466.
LaTeX Font Info:    ... okay on input line 466.
Package hyperref Info: Link coloring OFF on input line 466.
(/usr/local/lib/texmf/tex/latex/hyperref/nameref.sty
Package: nameref 2001/01/27 v2.19 Cross-referencing by name of section
\c@section@level=\count101
)
LaTeX Info: Redefining \ref on input line 466.
LaTeX Info: Redefining \pageref on input line 466.

latex2htmlLength hsize=349.0pt

latex2htmlLength vsize=633.0pt

latex2htmlLength hoffset=0.0pt

latex2htmlLength voffset=0.0pt

latex2htmlLength topmargin=0.0pt

latex2htmlLength topskip=0.00003pt

latex2htmlLength headheight=0.0pt

latex2htmlLength headsep=0.0pt

latex2htmlLength parskip=0.0pt plus 1.0pt

latex2htmlLength oddsidemargin=62.0pt

latex2htmlLength evensidemargin=62.0pt

LaTeX Font Info:    External font `cmex10' loaded for size
(Font)              <7> on input line 490.
LaTeX Font Info:    External font `cmex10' loaded for size
(Font)              <5> on input line 490.
l2hSize :tex2html_wrap_inline137851:6.45831pt::0.0pt::5.50005pt.
[1



]
l2hSize :tex2html_wrap_inline137854:6.45831pt::0.0pt::5.50005pt.
[2


]
l2hSize :tex2html_wrap_inline137857:8.0pt::8.0pt::5.50005pt.
[3


]
l2hSize :tex2html_wrap_inline137866:6.95831pt::6.95831pt::8.27783pt.
[4


]
l2hSize :tex2html_wrap_inline137877:6.95831pt::6.95831pt::8.27783pt.
[5


]
l2hSize :tex2html_wrap_inline137879:6.95831pt::6.95831pt::8.27783pt.
[6


]
l2hSize :tex2html_wrap_inline137883:6.45831pt::0.0pt::8.27783pt.
[7


]
l2hSize :tex2html_wrap_inline137886:6.95831pt::6.95831pt::16.05563pt.
[8


]
l2hSize :tex2html_wrap_inline137898:6.95831pt::6.95831pt::8.27783pt.
[9


]
l2hSize :tex2html_wrap_inline59026:8.33727pt::0.0pt::13.61118pt.
[10


]
l2hSize :tex2html_wrap_inline59028:8.33727pt::0.0pt::13.61118pt.
[11


]
File: algbcat.eps Graphic file (type eps)
<algbcat.eps>
Overfull \hbox (62.53749pt too wide) detected at line 561
 [] 
 []

l2hSize :tex2html_wrap137919:585.18625pt::0.0pt::349.0pt.
[12


]
l2hSize :tex2html_wrap_inline59032:6.45831pt::0.0pt::5.50005pt.
[13


]
l2hSize :tex2html_wrap_inline59050:8.0pt::8.0pt::15.94798pt.
[14


]
l2hSize :tex2html_wrap_inline59054:6.83331pt::0.0pt::8.17018pt.
[15


]
LaTeX Font Info:    Try loading font information for U+bbm on input line 584.
(/usr/local/lib/texmf/tex/latex/bbm/ubbm.fd
File: ubbm.fd 1999/03/15 V 1.2 Font definition for bbm font - TH
)
l2hSize :tex2html_wrap_inline59064:8.0pt::8.0pt::24.8091pt.
[16


]
l2hSize :tex2html_wrap_inline59066:6.95831pt::6.95831pt::5.53128pt.
[17


]
l2hSize :tex2html_wrap_inline59068:8.0pt::8.0pt::21.548pt.
[18


]
l2hSize :tex2html_wrap_inline59076:8.14003pt::0.0pt::14.98619pt.
[19


]
l2hSize :tex2html_wrap_inline59084:6.45831pt::0.0pt::5.50005pt.
[20


]
l2hSize :tex2html_wrap_inline59098:6.83331pt::0.0pt::7.63893pt.
[21


]
l2hSize :tex2html_wrap_inline59100:8.0pt::8.0pt::19.44102pt.
[22


]
File: algpolcat.eps Graphic file (type eps)
<algpolcat.eps>
Overfull \hbox (68.56pt too wide) detected at line 632
 [] 
 []

l2hSize :tex2html_wrap137966:355.3275pt::0.0pt::349.0pt.
[23


]
l2hSize :tex2html_wrap_inline59110:8.00006pt::8.00006pt::39.27908pt.
[24


]
l2hSize :tex2html_wrap_inline59114:6.45831pt::0.0pt::6.2153pt.
[25


]
l2hSize :tex2html_wrap_inline59118:6.45831pt::0.0pt::34.84253pt.
[26


]
l2hSize :tex2html_wrap_inline59144:8.00006pt::8.00006pt::39.98395pt.
[27


]
l2hSize :tex2html_wrap_inline59146:7.33331pt::7.33331pt::12.3635pt.
[28


]
l2hSize :tex2html_wrap_inline59148:6.6428pt::0.0pt::11.65863pt.
[29


]
l2hSize :tex2html_wrap_inline59150:8.0pt::8.0pt::126.06679pt.
[30


]
l2hSize :tex2html_wrap_inline59156:6.45831pt::0.0pt::5.18753pt.
[31


]
l2hSize :tex2html_wrap_inline59160:6.95831pt::6.95831pt::10.27205pt.
[32


]
l2hSize :tex2html_wrap_inline59162:6.45831pt::0.0pt::4.82759pt.
[33


]
l2hSize :tex2html_wrap_inline59164:8.00006pt::8.00006pt::50.28954pt.
[34


]
l2hSize :tex2html_wrap_inline59166:8.0pt::8.0pt::54.74431pt.
[35


]
l2hSize :tex2html_wrap_inline59176:6.45831pt::0.0pt::10.50005pt.
[36


]
l2hSize :tex2html_wrap_inline59202:6.95831pt::6.95831pt::23.69904pt.
[37


]
l2hSize :tex2html_wrap_inline59220:6.45831pt::0.0pt::12.21765pt.
[38


]
l2hSize :tex2html_wrap_inline59228:6.45831pt::0.0pt::24.54854pt.
[39


]
l2hSize :tex2html_wrap_inline59246:7.51782pt::0.0pt::33.27536pt.
[40


]
l2hSize :tex2html_wrap_inline59248:6.45831pt::0.0pt::5.70604pt.
[41


]
l2hSize :tex2html_wrap_inline59250:8.0pt::8.0pt::66.49265pt.
[42


]
l2hSize :tex2html_wrap_inline59252:8.64003pt::8.64003pt::44.61356pt.
[43


]
l2hSize :tex2html_wrap_inline59254:8.01782pt::8.01782pt::69.2982pt.
[44


]
l2hSize :tex2html_wrap_inline59256:8.64003pt::8.64003pt::53.03023pt.
[45


]
l2hSize :tex2html_wrap_inline59258:8.01782pt::8.01782pt::27.162pt.
[46


]
l2hSize :tex2html_wrap_inline59262:6.95831pt::6.95831pt::13.27785pt.
[47


]
l2hSize :tex2html_wrap_inline59268:6.95831pt::6.95831pt::31.47676pt.
[48


]
l2hSize :tex2html_wrap_inline59276:8.64003pt::8.64003pt::39.53487pt.
[49


]
l2hSize :tex2html_wrap_inline59278:6.95831pt::6.95831pt::30.5347pt.
[50


]
l2hSize :tex2html_wrap_inline59280:6.45831pt::0.0pt::6.22461pt.
[51


]
l2hSize :tex2html_wrap_inline59288:6.95831pt::6.95831pt::5.76163pt.
[52


]
l2hSize :tex2html_wrap_inline59302:8.0pt::8.0pt::53.52657pt.
[53


]
l2hSize :tex2html_wrap_inline59304:6.95831pt::6.95831pt::9.54459pt.
[54


]
l2hSize :tex2html_wrap_inline59312:6.83331pt::0.0pt::9.05698pt.
[55


]
l2hSize :tex2html_wrap_inline59320:7.51782pt::0.0pt::9.02086pt.
[56


]
l2hSize :tex2html_wrap_inline59324:8.87892pt::0.0pt::17.90866pt.
[57


]
l2hSize :tex2html_wrap_inline59326:8.49002pt::0.0pt::14.54408pt.
[58


]
l2hSize :tex2html_wrap_inline59330:6.94444pt::0.0pt::19.14233pt.
[59


]
l2hSize :tex2html_wrap_inline59354:6.94444pt::0.0pt::6.36461pt.
[60


]
l2hSize :tex2html_wrap_inline59358:8.0pt::8.0pt::78.18375pt.
[61


]
l2hSize :tex2html_wrap_inline59362:8.0pt::8.0pt::39.4398pt.
[62


]
l2hSize :tex2html_wrap_inline59368:7.44444pt::7.44444pt::24.09486pt.
[63


]
l2hSize :tex2html_wrap_inline59370:6.45831pt::0.0pt::5.78592pt.
[64


]
l2hSize :tex2html_wrap_inline59372:6.94444pt::0.0pt::4.79169pt.
[65


]
l2hSize :tex2html_wrap_inline59374:6.45831pt::0.0pt::5.2894pt.
[66


]
l2hSize :tex2html_wrap_inline59376:6.45831pt::0.0pt::23.62263pt.
[67


]
l2hSize :tex2html_wrap_inline59378:8.0pt::8.0pt::52.35866pt.
[68


]
l2hSize :tex2html_wrap_inline59380:8.0pt::8.0pt::68.4777pt.
[69


]
l2hSize :tex2html_wrap_inline59386:6.95831pt::6.95831pt::5.32294pt.
[70


]
l2hSize :tex2html_wrap_inline59388:7.44444pt::7.44444pt::45.45586pt.
[71


]
l2hSize :tex2html_wrap_inline59390:8.0pt::8.0pt::74.19188pt.
[72


]
l2hSize :tex2html_wrap_inline59394:8.0pt::8.0pt::22.33452pt.
[73


]
l2hSize :tex2html_wrap_inline59396:6.95831pt::6.95831pt::46.64453pt.
[74


]
l2hSize :tex2html_wrap_inline59400:8.0pt::8.0pt::53.78227pt.
[75


]
l2hSize :tex2html_wrap_inline59404:8.0pt::8.0pt::38.69914pt.
[76


]
l2hSize :tex2html_wrap_inline59408:8.0pt::8.0pt::11.77087pt.
[77


]
l2hSize :tex2html_wrap_inline59416:8.0pt::8.0pt::33.27199pt.
[78


]
l2hSize :tex2html_wrap_inline59418:8.0pt::8.0pt::101.87128pt.
[79


]
l2hSize :tex2html_wrap_inline59420:8.0pt::8.0pt::23.69911pt.
[80


]
l2hSize :tex2html_wrap_inline59422:7.44444pt::7.44444pt::50.93736pt.
[81


]
l2hSize :tex2html_wrap_inline59426:8.0pt::8.0pt::34.95132pt.
[82


]
l2hSize :tex2html_wrap_inline59430:8.0pt::8.0pt::22.29979pt.
[83


]
l2hSize :tex2html_wrap_inline59432:8.0pt::8.0pt::83.19307pt.
[84


]
l2hSize :tex2html_wrap_inline59434:8.0pt::8.0pt::30.67706pt.
[85


]
l2hSize :tex2html_wrap_inline59436:8.0pt::8.0pt::28.88535pt.
[86


]
l2hSize :tex2html_wrap_inline59438:7.44444pt::7.44444pt::14.52199pt.
[87


]
l2hSize :tex2html_wrap_inline59444:6.45831pt::0.0pt::6.50238pt.
[88


]
l2hSize :tex2html_wrap_inline59446:6.94444pt::0.0pt::5.7049pt.
[89


]
l2hSize :tex2html_wrap_inline59454:8.99002pt::8.99002pt::34.08078pt.
[90


]
l2hSize :tex2html_wrap_inline59458:7.1428pt::7.1428pt::29.43246pt.
[91


]
l2hSize :tex2html_wrap_inline59472:6.6428pt::0.0pt::10.83765pt.
[92


]
l2hSize :tex2html_wrap_inline59496:7.09525pt::7.09525pt::5.19052pt.
[93


]
l2hSize :displaymath59526:24.79865pt::0.0pt::349.0pt.
[94


]
l2hSize :tex2html_wrap_inline59528:8.00006pt::8.00006pt::53.9913pt.
[95


]
l2hSize :tex2html_wrap_inline59530:8.0pt::8.0pt::47.3658pt.
[96


]
l2hSize :tex2html_wrap_inline59532:6.45831pt::0.0pt::9.28017pt.
[97


]
l2hSize :tex2html_wrap_inline59572:8.64003pt::8.64003pt::40.89365pt.
[98


]
l2hSize :tex2html_wrap_inline59574:8.14003pt::0.0pt::24.34387pt.
[99


]
l2hSize :tex2html_wrap_inline59576:8.0pt::8.0pt::63.19214pt.
[100


]
l2hSize :tex2html_wrap_inline59590:6.45831pt::0.0pt::32.05902pt.
[101


]
l2hSize :tex2html_wrap_inline59592:7.33331pt::7.33331pt::25.67818pt.
[102


]
l2hSize :tex2html_wrap_inline59594:6.45831pt::0.0pt::5.1563pt.
[103


]
l2hSize :tex2html_wrap_inline59600:6.95831pt::6.95831pt::23.86452pt.
[104


]
l2hSize :tex2html_wrap_inline59604:8.14003pt::0.0pt::24.80568pt.
[105


]
l2hSize :tex2html_wrap_inline59612:6.45831pt::0.0pt::27.6134pt.
[106


]
l2hSize :tex2html_wrap_inline59630:6.95831pt::6.95831pt::27.19905pt.
[107


]
l2hSize :tex2html_wrap_inline59650:8.0pt::8.0pt::21.61232pt.
[108


]
l2hSize :tex2html_wrap_inline59658:6.45831pt::0.0pt::5.50005pt.
[109


]
l2hSize :tex2html_wrap_inline59676:6.95831pt::6.95831pt::25.34724pt.
[110


]
l2hSize :tex2html_wrap_inline59682:6.95831pt::6.95831pt::44.08209pt.
[111


]
l2hSize :tex2html_wrap_inline59698:6.95831pt::6.95831pt::10.70143pt.
[112


]
l2hSize :tex2html_wrap_inline59700:6.95831pt::6.95831pt::10.70143pt.
[113


]
l2hSize :tex2html_wrap_inline59726:8.0pt::8.0pt::41.07301pt.
[114


]
l2hSize :tex2html_wrap_inline59728:8.0pt::8.0pt::66.58676pt.
[115


]
l2hSize :tex2html_wrap_inline59730:6.95831pt::6.95831pt::38.55206pt.
[116


]
l2hSize :tex2html_wrap_inline59732:6.95831pt::6.95831pt::38.55206pt.
[117


]
l2hSize :tex2html_wrap_inline59734:8.0pt::8.0pt::49.63766pt.
[118


]
l2hSize :tex2html_wrap_inline59736:8.0pt::8.0pt::65.36343pt.
[119


]
l2hSize :tex2html_wrap_inline59738:8.0pt::8.0pt::85.32161pt.
[120


]
l2hSize :tex2html_wrap_inline59740:6.95831pt::6.95831pt::36.23837pt.
[121


]
l2hSize :tex2html_wrap_inline59746:8.0pt::8.0pt::16.47691pt.
[122


]
l2hSize :tex2html_wrap_inline59750:8.64003pt::8.64003pt::22.21304pt.
[123


]
l2hSize :tex2html_wrap_inline59754:8.14003pt::0.0pt::16.95145pt.
[124


]
l2hSize :tex2html_wrap_inline59760:6.95831pt::6.95831pt::31.56015pt.
[125


]
l2hSize :tex2html_wrap_inline59772:6.95831pt::6.95831pt::26.73724pt.
[126


]
l2hSize :tex2html_wrap_inline59786:6.45831pt::0.0pt::9.94566pt.
[127


]
l2hSize :tex2html_wrap_inline59808:6.95831pt::6.95831pt::10.59962pt.
[128


]
l2hSize :tex2html_wrap_inline59810:6.95831pt::6.95831pt::12.75241pt.
[129


]
l2hSize :tex2html_wrap_inline59812:8.54175pt::8.54175pt::64.25175pt.
[130


]
l2hSize :tex2html_wrap_inline59814:7.44444pt::7.44444pt::55.77771pt.
[131


]
l2hSize :tex2html_wrap_inline59818:6.83331pt::0.0pt::8.45834pt.
[132


]
l2hSize :tex2html_wrap_inline59822:8.0pt::8.0pt::22.6644pt.
[133


]
l2hSize :tex2html_wrap_inline59824:7.44444pt::7.44444pt::24.11916pt.
[134


]
l2hSize :tex2html_wrap_inline59838:8.0pt::8.0pt::33.55106pt.
[135


]
l2hSize :tex2html_wrap_inline59840:8.0pt::8.0pt::37.85663pt.
[136


]
l2hSize :displaymath59854:25.00023pt::0.0pt::349.0pt.
[137


]
l2hSize :tex2html_wrap_inline59858:6.95831pt::6.95831pt::27.6134pt.
[138


]
l2hSize :tex2html_wrap_inline59860:6.95831pt::6.95831pt::28.61574pt.
[139


]
l2hSize :tex2html_wrap_inline59872:9.85pt::9.85pt::78.45485pt.
[140


]
l2hSize :tex2html_wrap_inline59874:9.85pt::9.85pt::77.46062pt.
[141


]
l2hSize :tex2html_wrap_inline59910:8.0pt::8.0pt::72.8113pt.
[142


]
l2hSize :tex2html_wrap_inline59914:8.0pt::8.0pt::105.35521pt.
[143


]
l2hSize :tex2html_wrap_inline59918:6.95831pt::6.95831pt::31.29965pt.
[144


]
l2hSize :tex2html_wrap_inline59924:8.0pt::8.0pt::41.68253pt.
[145


]
l2hSize :tex2html_wrap_inline59926:8.0pt::8.0pt::23.85411pt.
[146


]
l2hSize :tex2html_wrap_inline59928:8.64003pt::8.64003pt::40.64581pt.
[147


]
l2hSize :tex2html_wrap_inline59930:8.0pt::8.0pt::42.19405pt.
[148


]
l2hSize :tex2html_wrap_inline59932:9.37892pt::9.37892pt::33.72571pt.
[149


]
l2hSize :tex2html_wrap_inline59934:8.64003pt::8.64003pt::27.92358pt.
[150


]
l2hSize :tex2html_wrap_inline59936:8.0pt::8.0pt::67.5612pt.
[151


]
l2hSize :tex2html_wrap_inline59942:8.0pt::8.0pt::23.05215pt.
[152


]
l2hSize :tex2html_wrap_inline59944:6.94444pt::0.0pt::33.18169pt.
[153


]
l2hSize :tex2html_wrap_inline59946:8.0pt::8.0pt::25.11334pt.
[154


]
l2hSize :tex2html_wrap_inline59948:6.94444pt::0.0pt::17.56941pt.
[155


]
l2hSize :tex2html_wrap_inline59958:8.0pt::8.0pt::81.08101pt.
[156


]
l2hSize :tex2html_wrap_inline59960:8.0pt::8.0pt::83.8588pt.
[157


]
l2hSize :tex2html_wrap_inline59962:6.45831pt::0.0pt::7.16672pt.
[158


]
l2hSize :tex2html_wrap_inline59968:6.45831pt::0.0pt::23.32867pt.
[159


]
l2hSize :tex2html_wrap_inline59980:6.45831pt::0.0pt::17.51154pt.
[160


]
l2hSize :tex2html_wrap_inline60002:6.95831pt::6.95831pt::11.4769pt.
[161


]
l2hSize :tex2html_wrap_inline60014:6.45831pt::0.0pt::24.54854pt.
[162


]
l2hSize :tex2html_wrap_inline60036:6.95831pt::6.95831pt::31.29965pt.
[163


]
l2hSize :tex2html_wrap_inline60060:10.03897pt::10.03897pt::59.04243pt.
[164


]
l2hSize :tex2html_wrap_inline60088:8.0pt::8.0pt::17.21767pt.
[165


]
l2hSize :tex2html_wrap_inline60092:8.0pt::8.0pt::16.50241pt.
[166


]
l2hSize :tex2html_wrap_inline60132:6.45831pt::0.0pt::12.28821pt.
[167


]
l2hSize :tex2html_wrap_inline60134:8.0pt::8.0pt::30.51277pt.
[168


]
l2hSize :tex2html_wrap_inline60136:6.45831pt::0.0pt::6.57294pt.
[169


]
l2hSize :tex2html_wrap_inline60148:6.6428pt::0.0pt::17.73154pt.
[170


]
l2hSize :tex2html_wrap_inline60162:8.64003pt::8.64003pt::27.06955pt.
[171


]
l2hSize :tex2html_wrap_inline60180:8.64003pt::8.64003pt::17.20844pt.
[172


]
l2hSize :tex2html_wrap_inline60184:7.44444pt::7.44444pt::6.47229pt.
[173


]
l2hSize :displaymath60192:14.5pt::0.0pt::349.0pt.
[174


]
l2hSize :tex2html_wrap_inline60194:7.33331pt::7.33331pt::26.10756pt.
[175


]
l2hSize :displaymath60202:14.5pt::0.0pt::349.0pt.
[176


]
l2hSize :displaymath60210:14.5pt::0.0pt::349.0pt.
[177


]
l2hSize :tex2html_wrap_inline60214:6.95831pt::6.95831pt::5.6285pt.
[178


]
l2hSize :tex2html_wrap_inline60220:6.6428pt::0.0pt::12.01627pt.
[179


]
l2hSize :tex2html_wrap_inline60222:6.95831pt::6.95831pt::31.46626pt.
[180


]
l2hSize :tex2html_wrap_inline60246:6.83331pt::0.0pt::9.56946pt.
[181


]
l2hSize :tex2html_wrap_inline60248:8.0pt::8.0pt::40.51979pt.
[182


]
l2hSize :tex2html_wrap_inline60250:8.0pt::8.0pt::81.4719pt.
[183


]
l2hSize :tex2html_wrap_inline60252:8.0pt::8.0pt::77.24625pt.
[184


]
l2hSize :tex2html_wrap_inline60256:8.64003pt::8.64003pt::49.61098pt.
[185


]
l2hSize :tex2html_wrap_inline60274:6.83331pt::0.0pt::20.21558pt.
[186


]
l2hSize :displaymath60292:14.5pt::0.0pt::349.0pt.
[187


]
l2hSize :displaymath60298:14.5pt::0.0pt::349.0pt.
[188


]
l2hSize :tex2html_wrap_inline60300:7.33331pt::7.33331pt::35.81357pt.
[189


]
l2hSize :tex2html_wrap_inline60330:8.0pt::8.0pt::15.07759pt.
[190


]
l2hSize :tex2html_wrap_inline60352:8.0pt::8.0pt::23.92946pt.
[191


]
l2hSize :tex2html_wrap_inline60356:8.0pt::8.0pt::16.70726pt.
[192


]
l2hSize :tex2html_wrap_inline60358:7.33331pt::7.33331pt::25.42354pt.
[193


]
l2hSize :tex2html_wrap_inline60370:7.1428pt::7.1428pt::35.30899pt.
[194


]
l2hSize :tex2html_wrap_inline60374:8.0pt::8.0pt::25.81703pt.
[195


]
l2hSize :tex2html_wrap_inline60378:7.1428pt::7.1428pt::16.68988pt.
[196


]
l2hSize :tex2html_wrap_inline60418:6.83331pt::0.0pt::21.77196pt.
[197


]
l2hSize :tex2html_wrap_inline60424:6.83331pt::0.0pt::12.3276pt.
[198


]
l2hSize :tex2html_wrap_inline60428:8.0pt::8.0pt::25.50815pt.
[199


]
l2hSize :tex2html_wrap_inline60430:6.83331pt::0.0pt::34.70596pt.
[200


]
l2hSize :tex2html_wrap_inline60432:6.83331pt::0.0pt::8.00005pt.
[201


]
l2hSize :tex2html_wrap_inline60434:6.95831pt::6.95831pt::6.52551pt.
[202


]
l2hSize :tex2html_wrap_inline60438:8.0pt::8.0pt::26.24774pt.
[203


]
l2hSize :tex2html_wrap_inline60440:8.0pt::8.0pt::66.89005pt.
[204


]
l2hSize :tex2html_wrap_inline60448:8.0pt::8.0pt::26.09494pt.
[205


]
l2hSize :tex2html_wrap_inline60452:6.83331pt::0.0pt::8.58684pt.
[206


]
l2hSize :tex2html_wrap_inline60458:8.54175pt::8.54175pt::37.31679pt.
[207


]
l2hSize :tex2html_wrap_inline60460:6.95831pt::6.95831pt::8.3409pt.
[208


]
l2hSize :tex2html_wrap_inline60462:6.95831pt::6.95831pt::8.48558pt.
[209


]
l2hSize :tex2html_wrap_inline60482:6.6428pt::0.0pt::9.58351pt.
[210


]
l2hSize :tex2html_wrap_inline60490:10.16663pt::10.16663pt::37.42203pt.
[211


]
l2hSize :tex2html_wrap_inline60492:8.54175pt::8.54175pt::55.68126pt.
[212


]
l2hSize :tex2html_wrap_inline60494:7.44444pt::7.44444pt::48.37718pt.
[213


]
l2hSize :tex2html_wrap_inline60496:6.45831pt::0.0pt::15.50008pt.
[214


]
l2hSize :tex2html_wrap_inline60506:8.0pt::8.0pt::24.01048pt.
[215


]
l2hSize :tex2html_wrap_inline60508:6.6428pt::0.0pt::11.22925pt.
[216


]
l2hSize :tex2html_wrap_inline60520:8.00006pt::8.00006pt::48.6472pt.
[217


]
l2hSize :tex2html_wrap_inline60522:8.00006pt::8.00006pt::46.14815pt.
[218


]
l2hSize :tex2html_wrap_inline60524:8.00006pt::8.00006pt::91.48628pt.
[219


]
l2hSize :tex2html_wrap_inline60532:7.1428pt::7.1428pt::17.39247pt.
[220


]
l2hSize :tex2html_wrap_inline60534:6.95831pt::6.95831pt::16.05563pt.
[221


]
l2hSize :tex2html_wrap_inline60538:8.0pt::8.0pt::31.69452pt.
[222


]
l2hSize :tex2html_wrap_inline60548:7.33331pt::7.33331pt::31.13881pt.
[223


]
l2hSize :displaymath60592:30.31258pt::0.0pt::349.0pt.
[224


]
l2hSize :tex2html_wrap_inline60594:8.76085pt::8.76085pt::61.99243pt.
[225


]
l2hSize :tex2html_wrap_inline60596:8.0pt::8.0pt::66.67474pt.
[226


]
l2hSize :tex2html_wrap_inline60598:6.95831pt::6.95831pt::8.29344pt.
[227


]
l2hSize :tex2html_wrap_inline60610:6.83331pt::0.0pt::13.88545pt.
[228


]
l2hSize :tex2html_wrap_inline60624:8.0pt::8.0pt::39.01529pt.
[229


]
l2hSize :displaymath60648:26.26328pt::0.0pt::349.0pt.
[230


]
l2hSize :tex2html_wrap_inline60650:6.45831pt::0.0pt::6.93407pt.
[231


]
l2hSize :tex2html_wrap_inline60652:6.83331pt::0.0pt::12.52205pt.
[232


]
l2hSize :tex2html_wrap_inline60660:8.0pt::8.0pt::19.53477pt.
[233


]
l2hSize :tex2html_wrap_inline60666:8.0pt::8.0pt::29.9028pt.
[234


]
l2hSize :tex2html_wrap_inline60672:6.83331pt::0.0pt::8.27783pt.
[235


]
l2hSize :tex2html_wrap_inline60698:8.0pt::8.0pt::24.3368pt.
[236


]
l2hSize :tex2html_wrap_inline60702:7.44444pt::7.44444pt::52.05084pt.
[237


]
l2hSize :tex2html_wrap_inline60704:6.94444pt::0.0pt::6.02087pt.
[238


]
l2hSize :tex2html_wrap_inline60706:6.45831pt::0.0pt::7.08334pt.
[239


]
l2hSize :tex2html_wrap_inline60708:9.03171pt::0.0pt::18.98508pt.
[240


]
l2hSize :tex2html_wrap_inline60710:7.33331pt::7.33331pt::12.67793pt.
[241


]
l2hSize :tex2html_wrap_inline60712:8.0pt::8.0pt::22.72227pt.
[242


]
l2hSize :tex2html_wrap_inline60720:6.95831pt::6.95831pt::24.86685pt.
[243


]
l2hSize :tex2html_wrap_inline60728:6.95831pt::6.95831pt::24.86685pt.
[244


]
l2hSize :tex2html_wrap_inline60734:8.0pt::8.0pt::37.18413pt.
[245


]
l2hSize :tex2html_wrap_inline60744:7.33331pt::7.33331pt::24.89229pt.
[246


]
l2hSize :tex2html_wrap_inline60778:8.0pt::8.0pt::48.92928pt.
[247


]
l2hSize :tex2html_wrap_inline60790:8.99002pt::8.99002pt::13.57298pt.
[248


]
l2hSize :tex2html_wrap_inline60802:6.95831pt::6.95831pt::16.23268pt.
[249


]
l2hSize :tex2html_wrap_inline60830:8.76085pt::8.76085pt::8.95778pt.
[250


]
l2hSize :tex2html_wrap_inline60832:8.0pt::8.0pt::29.2921pt.
[251


]
l2hSize :tex2html_wrap_inline60884:8.49002pt::0.0pt::12.8693pt.
[252


]
l2hSize :tex2html_wrap_inline60886:8.0pt::8.0pt::35.78241pt.
[253


]
l2hSize :tex2html_wrap_inline60888:8.0pt::8.0pt::38.04529pt.
[254


]
l2hSize :tex2html_wrap_inline60890:8.0pt::8.0pt::38.9528pt.
[255


]
l2hSize :tex2html_wrap_inline60908:8.99002pt::8.99002pt::13.23222pt.
[256


]
l2hSize :tex2html_wrap_inline60910:8.0pt::8.0pt::38.04529pt.
[257


]
l2hSize :tex2html_wrap_inline60912:6.59525pt::0.0pt::3.94516pt.
[258


]
l2hSize :tex2html_wrap_inline60916:6.45831pt::0.0pt::29.32516pt.
[259


]
l2hSize :tex2html_wrap_inline60928:8.0pt::8.0pt::36.50757pt.
[260


]
l2hSize :tex2html_wrap_inline60930:7.09525pt::7.09525pt::23.31311pt.
[261


]
l2hSize :tex2html_wrap_inline60936:6.45831pt::0.0pt::4.11115pt.
[262


]
l2hSize :tex2html_wrap_inline60938:8.0pt::8.0pt::33.40276pt.
[263


]
l2hSize :tex2html_wrap_inline60942:8.49002pt::0.0pt::11.7223pt.
[264


]
l2hSize :tex2html_wrap_inline60946:8.0pt::8.0pt::15.06952pt.
[265


]
l2hSize :tex2html_wrap_inline60952:8.0pt::8.0pt::33.40276pt.
[266


]
l2hSize :tex2html_wrap_inline60960:8.0pt::8.0pt::43.05849pt.
[267


]
l2hSize :tex2html_wrap_inline61042:8.0pt::8.0pt::36.50757pt.
[268


]
l2hSize :tex2html_wrap_inline61044:7.09525pt::7.09525pt::22.8513pt.
[269


]
l2hSize :tex2html_wrap_inline61124:8.0pt::8.0pt::69.78125pt.
[270


]
l2hSize :displaymath61126:31.29878pt::0.0pt::349.0pt.
[271


]
l2hSize :tex2html_wrap_inline61130:8.0pt::8.0pt::75.72798pt.
[272


]
l2hSize :tex2html_wrap_inline61132:7.33331pt::7.33331pt::63.22789pt.
[273


]
l2hSize :tex2html_wrap_inline61134:8.64003pt::8.64003pt::85.96413pt.
[274


]
l2hSize :tex2html_wrap_inline61136:8.64003pt::8.64003pt::73.46404pt.
[275


]
l2hSize :tex2html_wrap_inline61146:8.0pt::8.0pt::36.12158pt.
[276


]
l2hSize :tex2html_wrap_inline61154:6.94444pt::0.0pt::18.6945pt.
[277


]
l2hSize :tex2html_wrap_inline61164:6.95831pt::6.95831pt::26.50232pt.
[278


]
l2hSize :tex2html_wrap_inline61168:8.0pt::8.0pt::65.13072pt.
[279


]
l2hSize :displaymath61170:52.55553pt::0.0pt::349.0pt.
[280


]
l2hSize :tex2html_wrap_inline61172:8.54175pt::8.54175pt::51.93285pt.
[281


]
l2hSize :tex2html_wrap_inline61176:8.14003pt::0.0pt::50.08795pt.
[282


]
l2hSize :tex2html_wrap_inline61180:7.44444pt::7.44444pt::43.06128pt.
[283


]
l2hSize :tex2html_wrap_inline61184:8.0pt::8.0pt::22.21877pt.
[284


]
l2hSize :tex2html_wrap_inline61188:8.64003pt::8.64003pt::61.3866pt.
[285


]
l2hSize :tex2html_wrap_inline61190:8.14003pt::0.0pt::53.6088pt.
[286


]
l2hSize :tex2html_wrap_inline61194:8.0pt::8.0pt::45.70076pt.
[287


]
l2hSize :tex2html_wrap_inline61196:7.09525pt::7.09525pt::41.61397pt.
[288


]
l2hSize :tex2html_wrap_inline61198:8.14003pt::0.0pt::34.14694pt.
[289


]
l2hSize :tex2html_wrap_inline61206:8.0pt::8.0pt::132.7325pt.
[290


]
l2hSize :tex2html_wrap_inline61208:8.0pt::8.0pt::51.43637pt.
[291


]
l2hSize :tex2html_wrap_inline61214:6.95831pt::6.95831pt::8.15688pt.
[292


]
l2hSize :tex2html_wrap_inline61216:6.94444pt::0.0pt::25.00356pt.
[293


]
l2hSize :tex2html_wrap_inline61232:8.0pt::8.0pt::103.78456pt.
[294


]
l2hSize :tex2html_wrap_inline61244:8.0pt::8.0pt::69.6192pt.
[295


]
l2hSize :displaymath61246:52.55553pt::0.0pt::349.0pt.
[296


]
l2hSize :tex2html_wrap_inline61250:7.44444pt::7.44444pt::27.36742pt.
[297


]
l2hSize :tex2html_wrap_inline61252:8.49002pt::0.0pt::36.32124pt.
[298


]
l2hSize :tex2html_wrap_inline61256:9.28888pt::9.28888pt::16.44104pt.
[299


]
l2hSize :tex2html_wrap_inline61258:8.49002pt::0.0pt::11.98686pt.
[300


]
l2hSize :tex2html_wrap_inline61270:6.94444pt::0.0pt::29.12607pt.
[301


]
l2hSize :tex2html_wrap_inline61274:7.44444pt::7.44444pt::9.03418pt.
[302


]
l2hSize :tex2html_wrap_inline61280:8.0pt::8.0pt::43.83229pt.
[303


]
l2hSize :tex2html_wrap_inline61288:6.94444pt::0.0pt::26.82071pt.
[304


]
l2hSize :tex2html_wrap_inline61298:8.0pt::8.0pt::45.84717pt.
[305


]
l2hSize :tex2html_wrap_inline61304:6.95831pt::6.95831pt::40.2916pt.
[306


]
l2hSize :tex2html_wrap_inline61308:8.0pt::8.0pt::81.49187pt.
[307


]
l2hSize :tex2html_wrap_inline61310:6.45831pt::0.0pt::7.92828pt.
[308


]
l2hSize :tex2html_wrap_inline61342:8.00006pt::8.00006pt::77.08444pt.
[309


]
l2hSize :tex2html_wrap_inline61344:6.95831pt::6.95831pt::11.87276pt.
[310


]
l2hSize :tex2html_wrap_inline61352:8.0pt::8.0pt::41.19109pt.
[311


]
l2hSize :tex2html_wrap_inline61358:6.94444pt::0.0pt::20.18874pt.
[312


]
l2hSize :tex2html_wrap_inline61710:8.0pt::8.0pt::88.12221pt.
[313


]
l2hSize :tex2html_wrap_inline61712:8.0pt::8.0pt::16.92783pt.
[314


]
l2hSize :tex2html_wrap_inline61726:6.95831pt::6.95831pt::22.51155pt.
[315


]
l2hSize :tex2html_wrap_inline61762:7.09525pt::7.09525pt::77.92099pt.
[316


]
l2hSize :tex2html_wrap_inline61764:8.0pt::8.0pt::47.23384pt.
[317


]
l2hSize :tex2html_wrap_inline61766:8.0pt::8.0pt::44.47699pt.
[318


]
l2hSize :tex2html_wrap_inline61768:7.09525pt::7.09525pt::25.97108pt.
[319


]
l2hSize :tex2html_wrap_inline61772:7.09525pt::7.09525pt::22.06775pt.
[320


]
l2hSize :tex2html_wrap_inline61782:6.94444pt::0.0pt::29.13538pt.
[321


]
l2hSize :tex2html_wrap_inline61786:6.95831pt::6.95831pt::26.50232pt.
[322


]
l2hSize :tex2html_wrap_inline61790:7.09525pt::7.09525pt::25.97108pt.
[323


]
l2hSize :tex2html_wrap_inline61792:8.0pt::8.0pt::20.85786pt.
[324


]
l2hSize :tex2html_wrap_inline61794:8.0pt::8.0pt::33.66692pt.
[325


]
l2hSize :tex2html_wrap_inline61984:8.0pt::8.0pt::6.0556pt.
[326


]
l2hSize :tex2html_wrap_inline62114:6.83331pt::0.0pt::13.20605pt.
[327


]
l2hSize :tex2html_wrap_inline62116:6.95831pt::6.95831pt::42.34601pt.
[328


]
l2hSize :tex2html_wrap_inline62130:6.95831pt::6.95831pt::8.67654pt.
[329


]
l2hSize :tex2html_wrap_inline62142:8.49002pt::0.0pt::14.54408pt.
[330


]
l2hSize :tex2html_wrap_inline62144:8.49002pt::0.0pt::17.32187pt.
[331


]
l2hSize :tex2html_wrap_inline62146:8.0pt::8.0pt::35.00475pt.
[332


]
l2hSize :tex2html_wrap_inline62152:8.0pt::8.0pt::112.60745pt.
[333


]
l2hSize :tex2html_wrap_inline62154:6.95831pt::6.95831pt::42.20825pt.
[334


]
l2hSize :tex2html_wrap_inline62156:7.44444pt::7.44444pt::40.21979pt.
[335


]
l2hSize :tex2html_wrap_inline62158:7.33331pt::7.33331pt::60.61345pt.
[336


]
l2hSize :tex2html_wrap_inline62160:7.33331pt::7.33331pt::85.36479pt.
[337


]
l2hSize :tex2html_wrap_inline62162:7.44444pt::7.44444pt::43.95836pt.
[338


]
l2hSize :tex2html_wrap_inline62164:7.44444pt::7.44444pt::68.7097pt.
[339


]
l2hSize :tex2html_wrap_inline62166:7.33331pt::7.33331pt::59.2676pt.
[340


]
l2hSize :tex2html_wrap_inline62168:7.33331pt::7.33331pt::85.36479pt.
[341


]
l2hSize :tex2html_wrap_inline62170:7.44444pt::7.44444pt::42.6125pt.
[342


]
l2hSize :tex2html_wrap_inline62172:7.44444pt::7.44444pt::68.7097pt.
[343


]
l2hSize :tex2html_wrap_inline62188:9.48415pt::9.48415pt::17.14592pt.
[344


]
l2hSize :tex2html_wrap_inline62190:9.48415pt::9.48415pt::16.47299pt.
[345


]
l2hSize :tex2html_wrap_inline62198:9.48415pt::9.48415pt::17.14592pt.
[346


]
l2hSize :tex2html_wrap_inline62202:9.48415pt::9.48415pt::16.47299pt.
[347


]
l2hSize :tex2html_wrap_inline62204:7.09525pt::7.09525pt::20.80696pt.
[348


]
l2hSize :tex2html_wrap_inline62206:7.09525pt::7.09525pt::22.15282pt.
[349


]
l2hSize :tex2html_wrap_inline62208:7.09525pt::7.09525pt::8.43129pt.
[350


]
l2hSize :tex2html_wrap_inline62210:7.09525pt::7.09525pt::8.43129pt.
[351


]
l2hSize :tex2html_wrap_inline62212:7.09525pt::7.09525pt::9.10422pt.
[352


]
l2hSize :tex2html_wrap_inline62214:7.09525pt::7.09525pt::9.10422pt.
[353


]
l2hSize :tex2html_wrap_inline62216:6.95831pt::6.95831pt::9.31372pt.
[354


]
l2hSize :tex2html_wrap_inline62218:6.95831pt::6.95831pt::9.31372pt.
[355


]
l2hSize :tex2html_wrap_inline62222:8.0pt::8.0pt::102.68285pt.
[356


]
l2hSize :tex2html_wrap_inline62224:7.33331pt::7.33331pt::34.09724pt.
[357


]
l2hSize :tex2html_wrap_inline62226:7.33331pt::7.33331pt::58.84859pt.
[358


]
l2hSize :tex2html_wrap_inline62228:7.33331pt::7.33331pt::32.75139pt.
[359


]
l2hSize :tex2html_wrap_inline62230:7.33331pt::7.33331pt::58.84859pt.
[360


]
l2hSize :tex2html_wrap_inline62264:8.0pt::8.0pt::47.23029pt.
[361


]
l2hSize :tex2html_wrap_inline62266:8.0pt::8.0pt::56.96059pt.
[362


]
l2hSize :tex2html_wrap_inline62270:6.95831pt::6.95831pt::41.67471pt.
[363


]
l2hSize :displaymath62274:75.66658pt::0.0pt::349.0pt.
[364


]
l2hSize :tex2html_wrap_inline62284:6.95831pt::6.95831pt::50.35294pt.
[365


]
l2hSize :tex2html_wrap_inline62290:6.95831pt::6.95831pt::15.1806pt.
[366


]
l2hSize :tex2html_wrap_inline62292:6.95831pt::6.95831pt::24.72687pt.
[367


]
l2hSize :displaymath62322:53.55554pt::0.0pt::349.0pt.
[368


]
l2hSize :tex2html_wrap_inline62324:8.0pt::8.0pt::21.7501pt.
[369


]
l2hSize :tex2html_wrap_inline62330:8.0pt::8.0pt::40.21754pt.
[370


]
l2hSize :tex2html_wrap_inline62332:8.0pt::8.0pt::44.80556pt.
[371


]
l2hSize :tex2html_wrap_inline62350:8.0pt::8.0pt::35.00475pt.
[372


]
l2hSize :tex2html_wrap_inline62368:7.33331pt::7.33331pt::28.30899pt.
[373


]
l2hSize :tex2html_wrap_inline62370:8.0pt::8.0pt::119.09009pt.
[374


]
l2hSize :tex2html_wrap_inline62372:6.95831pt::6.95831pt::15.87503pt.
[375


]
l2hSize :displaymath62392:53.53764pt::0.0pt::349.0pt.
[376


]
l2hSize :tex2html_wrap_inline62424:8.0pt::8.0pt::25.42827pt.
[377


]
l2hSize :tex2html_wrap_inline62432:7.09525pt::7.09525pt::13.17432pt.
[378


]
l2hSize :displaymath62440:40.55553pt::0.0pt::349.0pt.
[379


]
l2hSize :tex2html_wrap_inline62442:8.0pt::8.0pt::23.21414pt.
[380


]
l2hSize :displaymath62478:40.55553pt::0.0pt::349.0pt.
[381


]
l2hSize :tex2html_wrap_inline62638:6.95831pt::6.95831pt::41.84712pt.
[382


]
l2hSize :displaymath62656:52.55553pt::0.0pt::349.0pt.
[383


]
l2hSize :tex2html_wrap_inline62658:10.03897pt::10.03897pt::54.15799pt.
[384


]
l2hSize :displaymath62718:52.55553pt::0.0pt::349.0pt.
[385


]
l2hSize :tex2html_wrap_inline62722:7.44444pt::7.44444pt::27.36742pt.
[386


]
l2hSize :tex2html_wrap_inline62724:10.3889pt::10.3889pt::61.3212pt.
[387


]
l2hSize :tex2html_wrap_inline62728:10.3889pt::10.3889pt::36.98682pt.
[388


]
l2hSize :tex2html_wrap_inline62902:6.83331pt::0.0pt::17.23961pt.
[389


]
l2hSize :tex2html_wrap_inline62922:8.0pt::8.0pt::47.48259pt.
[390


]
l2hSize :tex2html_wrap_inline62930:8.0pt::8.0pt::11.34149pt.
[391


]
l2hSize :tex2html_wrap_inline62948:6.83331pt::0.0pt::8.31949pt.
[392


]
l2hSize :tex2html_wrap_inline62950:6.83331pt::0.0pt::17.38892pt.
[393


]
l2hSize :tex2html_wrap_inline62988:8.00006pt::8.00006pt::64.76784pt.
[394


]
l2hSize :tex2html_wrap_inline62996:8.0pt::8.0pt::202.99423pt.
[395


]
l2hSize :tex2html_wrap_inline63028:8.0pt::8.0pt::59.50722pt.
[396


]
l2hSize :tex2html_wrap_inline63030:6.95831pt::6.95831pt::8.86057pt.
[397


]
l2hSize :displaymath63034:30.31258pt::0.0pt::349.0pt.
[398


]
l2hSize :tex2html_wrap_inline63058:6.95831pt::6.95831pt::10.35419pt.
[399


]
l2hSize :tex2html_wrap_inline63066:6.95831pt::6.95831pt::27.36569pt.
[400


]
l2hSize :tex2html_wrap_inline63088:8.0pt::8.0pt::77.29398pt.
[401


]
l2hSize :tex2html_wrap_inline63090:8.0pt::8.0pt::73.68265pt.
[402


]
l2hSize :tex2html_wrap_inline63092:6.95831pt::6.95831pt::23.9792pt.
[403


]
l2hSize :tex2html_wrap_inline63098:8.0pt::8.0pt::40.19563pt.
[404


]
l2hSize :tex2html_wrap_inline63100:8.0pt::8.0pt::65.21872pt.
[405


]
l2hSize :tex2html_wrap_inline63102:6.95831pt::6.95831pt::37.42935pt.
[406


]
l2hSize :tex2html_wrap_inline63104:6.95831pt::6.95831pt::37.42935pt.
[407


]
l2hSize :tex2html_wrap_inline63112:8.0pt::8.0pt::41.42479pt.
[408


]
l2hSize :displaymath63114:21.06903pt::0.0pt::349.0pt.
[409


]
l2hSize :tex2html_wrap_inline63116:6.83331pt::0.0pt::11.29169pt.
[410


]
l2hSize :tex2html_wrap_inline63118:8.0pt::8.0pt::25.11467pt.
[411


]
l2hSize :tex2html_wrap_inline63120:7.33331pt::7.33331pt::52.84943pt.
[412


]
l2hSize :tex2html_wrap_inline63130:8.0pt::8.0pt::32.64702pt.
[413


]
l2hSize :tex2html_wrap_inline63136:6.95831pt::6.95831pt::29.25456pt.
[414


]
l2hSize :tex2html_wrap_inline63138:6.95831pt::6.95831pt::28.87492pt.
[415


]
l2hSize :tex2html_wrap_inline63146:8.0pt::8.0pt::114.46907pt.
[416


]
l2hSize :tex2html_wrap_inline63154:8.0pt::8.0pt::53.58987pt.
[417


]
l2hSize :tex2html_wrap_inline63156:8.0pt::8.0pt::56.93481pt.
[418


]
l2hSize :tex2html_wrap_inline63166:8.0pt::8.0pt::37.29982pt.
[419


]
l2hSize :tex2html_wrap_inline63168:8.0pt::8.0pt::22.82378pt.
[420


]
l2hSize :tex2html_wrap_inline63172:6.95831pt::6.95831pt::28.61574pt.
[421


]
l2hSize :tex2html_wrap_inline63182:8.99002pt::8.99002pt::28.60362pt.
[422


]
l2hSize :tex2html_wrap_inline63184:8.76085pt::8.76085pt::30.27655pt.
[423


]
l2hSize :tex2html_wrap_inline63190:8.0pt::8.0pt::35.82077pt.
[424


]
l2hSize :tex2html_wrap_inline63224:8.0pt::8.0pt::47.90158pt.
[425


]
l2hSize :tex2html_wrap_inline63226:10.03897pt::10.03897pt::56.4527pt.
[426


]
l2hSize :tex2html_wrap_inline63228:10.38896pt::10.38896pt::67.95561pt.
[427


]
l2hSize :tex2html_wrap_inline63232:8.0pt::8.0pt::73.5539pt.
[428


]
l2hSize :tex2html_wrap_inline63236:7.44444pt::7.44444pt::49.79964pt.
[429


]
l2hSize :displaymath63242:75.66658pt::0.0pt::349.0pt.
[430


]
l2hSize :tex2html_wrap_inline63244:8.54175pt::8.54175pt::62.90564pt.
[431


]
l2hSize :displaymath63264:14.5pt::0.0pt::349.0pt.
[432


]
l2hSize :tex2html_wrap_inline63272:8.64003pt::8.64003pt::37.14476pt.
[433


]
l2hSize :tex2html_wrap_inline63274:8.64003pt::8.64003pt::20.59499pt.
[434


]
l2hSize :tex2html_wrap_inline63276:8.0pt::8.0pt::73.70946pt.
[435


]
l2hSize :tex2html_wrap_inline63282:7.33331pt::7.33331pt::16.69106pt.
[436


]
l2hSize :tex2html_wrap_inline63300:6.95831pt::6.95831pt::23.72453pt.
[437


]
l2hSize :tex2html_wrap_inline63302:8.0pt::8.0pt::14.25009pt.
[438


]
l2hSize :tex2html_wrap_inline63306:8.54175pt::8.54175pt::55.73451pt.
[439


]
l2hSize :tex2html_wrap_inline63310:7.44444pt::7.44444pt::29.56248pt.
[440


]
l2hSize :tex2html_wrap_inline63324:7.44444pt::7.44444pt::19.34787pt.
[441


]
l2hSize :tex2html_wrap_inline63328:7.44444pt::7.44444pt::22.7754pt.
[442


]
l2hSize :tex2html_wrap_inline63334:6.83331pt::0.0pt::30.43393pt.
[443


]
l2hSize :tex2html_wrap_inline63336:7.33331pt::7.33331pt::41.4108pt.
[444


]
l2hSize :displaymath63354:24.79865pt::0.0pt::349.0pt.
[445


]
l2hSize :tex2html_wrap_inline63356:8.76085pt::8.76085pt::52.07573pt.
[446


]
l2hSize :tex2html_wrap_inline63358:8.0pt::8.0pt::39.86803pt.
[447


]
l2hSize :tex2html_wrap_inline63392:7.33331pt::7.33331pt::11.4063pt.
[448


]
l2hSize :displaymath63396:27.16672pt::0.0pt::349.0pt.
[449


]
l2hSize :tex2html_wrap_inline63398:8.00006pt::8.00006pt::63.01674pt.
[450


]
l2hSize :displaymath63402:31.8098pt::0.0pt::349.0pt.
[451


]
l2hSize :tex2html_wrap_inline63434:7.44444pt::7.44444pt::39.59619pt.
[452


]
l2hSize :tex2html_wrap_inline63468:8.0pt::8.0pt::90.9167pt.
[453


]
l2hSize :tex2html_wrap_inline63488:8.0pt::8.0pt::28.70262pt.
[454


]
l2hSize :tex2html_wrap_inline63490:8.0pt::8.0pt::27.70839pt.
[455


]
l2hSize :tex2html_wrap_inline63494:8.0pt::8.0pt::29.69908pt.
[456


]
l2hSize :tex2html_wrap_inline63498:6.95831pt::6.95831pt::13.24306pt.
[457


]
l2hSize :tex2html_wrap_inline63500:7.44444pt::7.44444pt::48.72092pt.
[458


]
l2hSize :tex2html_wrap_inline63520:6.45831pt::0.0pt::24.11916pt.
[459


]
l2hSize :tex2html_wrap_inline63522:6.94444pt::0.0pt::23.12492pt.
[460


]
l2hSize :tex2html_wrap_inline63526:8.0pt::8.0pt::35.1159pt.
[461


]
l2hSize :tex2html_wrap_inline63528:8.0pt::8.0pt::125.36192pt.
[462


]
l2hSize :tex2html_wrap_inline63552:8.0pt::8.0pt::35.1159pt.
[463


]
l2hSize :tex2html_wrap_inline63556:8.0pt::8.0pt::24.48618pt.
[464


]
l2hSize :tex2html_wrap_inline63558:7.44444pt::7.44444pt::35.57634pt.
[465


]
l2hSize :tex2html_wrap_inline63586:8.0pt::8.0pt::37.57643pt.
[466


]
l2hSize :tex2html_wrap_inline63602:8.0pt::8.0pt::56.03812pt.
[467


]
l2hSize :tex2html_wrap_inline63604:6.95831pt::6.95831pt::29.25456pt.
[468


]
l2hSize :tex2html_wrap_inline63606:6.95831pt::6.95831pt::28.87492pt.
[469


]
l2hSize :tex2html_wrap_inline63672:7.1428pt::7.1428pt::37.12837pt.
[470


]
l2hSize :tex2html_wrap_inline63690:8.0pt::8.0pt::30.69458pt.
[471


]
l2hSize :tex2html_wrap_inline63692:7.1428pt::7.1428pt::35.30899pt.
[472


]
l2hSize :tex2html_wrap_inline63700:6.6428pt::0.0pt::18.7639pt.
[473


]
l2hSize :tex2html_wrap_inline63704:11.07336pt::11.07336pt::64.19803pt.
[474


]
l2hSize :tex2html_wrap_inline63716:7.44444pt::7.44444pt::38.00568pt.
[475


]
l2hSize :tex2html_wrap_inline63728:7.1428pt::7.1428pt::39.28116pt.
[476


]
l2hSize :tex2html_wrap_inline63746:6.6428pt::0.0pt::18.13898pt.
[477


]
l2hSize :tex2html_wrap_inline63750:6.83331pt::0.0pt::9.625pt.
[478


]
l2hSize :displaymath63752:32.15979pt::0.0pt::349.0pt.
[479


]
l2hSize :tex2html_wrap_inline63754:10.38896pt::10.38896pt::62.20078pt.
[480


]
l2hSize :tex2html_wrap_inline63756:10.38896pt::10.38896pt::60.9982pt.
[481


]
l2hSize :displaymath63762:30.31258pt::0.0pt::349.0pt.
[482


]
l2hSize :tex2html_wrap_inline63764:8.76085pt::8.76085pt::62.20078pt.
[483


]
l2hSize :tex2html_wrap_inline63766:8.0pt::8.0pt::36.03586pt.
[484


]
l2hSize :tex2html_wrap_inline63778:6.95831pt::6.95831pt::23.72333pt.
[485


]
l2hSize :tex2html_wrap_inline63836:8.0pt::8.0pt::22.73505pt.
[486


]
l2hSize :displaymath63872:30.31258pt::0.0pt::349.0pt.
[487


]
l2hSize :tex2html_wrap_inline63880:8.0pt::8.0pt::79.1745pt.
[488


]
l2hSize :displaymath63884:19.29858pt::0.0pt::349.0pt.
[489


]
l2hSize :tex2html_wrap_inline63890:8.0pt::8.0pt::35.64009pt.
[490


]
l2hSize :tex2html_wrap_inline63892:8.0pt::8.0pt::85.00558pt.
[491


]
l2hSize :tex2html_wrap_inline63898:8.5556pt::8.5556pt::38.27779pt.
[492


]
l2hSize :tex2html_wrap_inline63900:8.5556pt::8.5556pt::65.0439pt.
[493


]
l2hSize :tex2html_wrap_inline63906:7.51782pt::0.0pt::36.6263pt.
[494


]
l2hSize :tex2html_wrap_inline63928:8.0pt::8.0pt::68.74768pt.
[495


]
l2hSize :tex2html_wrap_inline63934:8.0pt::8.0pt::90.5809pt.
[496


]
l2hSize :tex2html_wrap_inline63938:7.44444pt::7.44444pt::45.24521pt.
[497


]
l2hSize :tex2html_wrap_inline63944:8.0pt::8.0pt::91.75233pt.
[498


]
l2hSize :tex2html_wrap_inline63946:8.0pt::8.0pt::94.53012pt.
[499


]
l2hSize :tex2html_wrap_inline63952:8.0pt::8.0pt::37.64467pt.
[500


]
l2hSize :tex2html_wrap_inline63958:7.44444pt::7.44444pt::55.0161pt.
[501


]
l2hSize :tex2html_wrap_inline63968:8.0pt::8.0pt::104.69084pt.
[502


]
l2hSize :tex2html_wrap_inline63996:8.0pt::8.0pt::108.73267pt.
[503


]
l2hSize :tex2html_wrap_inline63998:8.0pt::8.0pt::107.73843pt.
[504


]
l2hSize :tex2html_wrap_inline64010:8.76085pt::8.76085pt::61.99243pt.
[505


]
l2hSize :tex2html_wrap_inline64012:8.0pt::8.0pt::24.25934pt.
[506


]
l2hSize :tex2html_wrap_inline64014:8.0pt::8.0pt::19.02435pt.
[507


]
l2hSize :displaymath64026:30.31258pt::0.0pt::349.0pt.
[508


]
l2hSize :tex2html_wrap_inline64028:7.38586pt::7.38586pt::10.12851pt.
[509


]
l2hSize :tex2html_wrap_inline64032:8.0pt::8.0pt::23.49297pt.
[510


]
l2hSize :tex2html_wrap_inline64040:8.0pt::8.0pt::114.229pt.
[511


]
l2hSize :tex2html_wrap_inline64064:7.33331pt::7.33331pt::24.5173pt.
[512


]
l2hSize :tex2html_wrap_inline64070:8.0pt::8.0pt::87.32272pt.
[513


]
l2hSize :tex2html_wrap_inline64096:8.0pt::8.0pt::91.95604pt.
[514


]
l2hSize :tex2html_wrap_inline64104:8.54175pt::8.54175pt::108.3392pt.
[515


]
l2hSize :tex2html_wrap_inline64160:8.0pt::8.0pt::12.05795pt.
[516


]
l2hSize :tex2html_wrap_inline64162:8.0pt::8.0pt::65.77304pt.
[517


]
l2hSize :tex2html_wrap_inline64168:8.0pt::8.0pt::26.31255pt.
[518


]
l2hSize :tex2html_wrap_inline64170:8.0pt::8.0pt::37.1992pt.
[519


]
l2hSize :tex2html_wrap_inline64172:8.5556pt::8.5556pt::37.93404pt.
[520


]
l2hSize :tex2html_wrap_inline64212:8.0pt::8.0pt::23.4121pt.
[521


]
l2hSize :tex2html_wrap_inline64214:6.95831pt::6.95831pt::24.83562pt.
[522


]
l2hSize :tex2html_wrap_inline64218:8.0pt::8.0pt::72.63306pt.
[523


]
l2hSize :tex2html_wrap_inline64220:8.0pt::8.0pt::36.58446pt.
[524


]
l2hSize :tex2html_wrap_inline64222:6.95831pt::6.95831pt::24.83562pt.
[525


]
l2hSize :tex2html_wrap_inline64224:6.95831pt::6.95831pt::42.02655pt.
[526


]
l2hSize :tex2html_wrap_inline64232:6.95831pt::6.95831pt::8.51682pt.
[527


]
l2hSize :tex2html_wrap_inline64234:8.0pt::8.0pt::75.83202pt.
[528


]
l2hSize :tex2html_wrap_inline64236:8.0pt::8.0pt::66.82285pt.
[529


]
l2hSize :tex2html_wrap_inline64238:8.0pt::8.0pt::55.08214pt.
[530


]
l2hSize :tex2html_wrap_inline64242:8.41226pt::0.0pt::23.92508pt.
[531


]
l2hSize :tex2html_wrap_inline64244:8.41226pt::0.0pt::15.0917pt.
[532


]
l2hSize :tex2html_wrap_inline64246:8.0pt::8.0pt::47.10062pt.
[533


]
l2hSize :displaymath64260:26.26328pt::0.0pt::349.0pt.
[534


]
l2hSize :tex2html_wrap_inline64262:6.95831pt::6.95831pt::41.67673pt.
[535


]
l2hSize :tex2html_wrap_inline64268:8.0pt::8.0pt::18.38663pt.
[536


]
l2hSize :tex2html_wrap_inline64274:8.0pt::8.0pt::15.3542pt.
[537


]
l2hSize :tex2html_wrap_inline64282:8.0pt::8.0pt::42.75778pt.
[538


]
l2hSize :tex2html_wrap_inline64284:6.45831pt::0.0pt::24.83441pt.
[539


]
l2hSize :displaymath64288:31.68898pt::0.0pt::349.0pt.
[540


]
l2hSize :tex2html_wrap_inline64290:8.00006pt::8.00006pt::68.31026pt.
[541


]
l2hSize :tex2html_wrap_inline64292:8.0pt::8.0pt::24.9966pt.
[542


]
l2hSize :tex2html_wrap_inline64294:8.0pt::8.0pt::29.14703pt.
[543


]
l2hSize :tex2html_wrap_inline64296:8.0pt::8.0pt::35.81377pt.
[544


]
l2hSize :tex2html_wrap_inline64310:9.82217pt::9.82217pt::11.36964pt.
[545


]
l2hSize :tex2html_wrap_inline64312:6.95831pt::6.95831pt::19.14932pt.
[546


]
l2hSize :tex2html_wrap_inline64314:8.01782pt::8.01782pt::31.43054pt.
[547


]
l2hSize :tex2html_wrap_inline64324:8.01782pt::8.01782pt::8.33684pt.
[548


]
l2hSize :tex2html_wrap_inline64326:6.95831pt::6.95831pt::9.67366pt.
[549


]
l2hSize :tex2html_wrap_inline64328:8.0pt::8.0pt::28.0151pt.
[550


]
l2hSize :tex2html_wrap_inline64330:8.0pt::8.0pt::18.6806pt.
[551


]
l2hSize :tex2html_wrap_inline64332:8.0pt::8.0pt::59.98257pt.
[552


]
l2hSize :tex2html_wrap_inline64334:8.0pt::8.0pt::40.4722pt.
[553


]
l2hSize :tex2html_wrap_inline64338:8.0pt::8.0pt::50.26038pt.
[554


]
l2hSize :tex2html_wrap_inline64340:9.82217pt::9.82217pt::37.7655pt.
[555


]
l2hSize :tex2html_wrap_inline64358:6.83331pt::0.0pt::9.95491pt.
[556


]
l2hSize :tex2html_wrap_inline64360:6.83331pt::0.0pt::7.73268pt.
[557


]
l2hSize :tex2html_wrap_inline64362:6.45831pt::0.0pt::9.28017pt.
[558


]
l2hSize :tex2html_wrap_inline64364:6.95831pt::6.95831pt::46.5022pt.
[559


]
l2hSize :tex2html_wrap_inline64366:6.94444pt::0.0pt::17.93016pt.
[560


]
l2hSize :tex2html_wrap_inline64376:7.44444pt::7.44444pt::132.17764pt.
[561


]
l2hSize :tex2html_wrap_inline64378:7.44444pt::7.44444pt::38.48557pt.
[562


]
l2hSize :tex2html_wrap_inline64418:7.44444pt::7.44444pt::52.74867pt.
[563


]
l2hSize :tex2html_wrap_inline64420:7.33331pt::7.33331pt::25.33672pt.
[564


]
l2hSize :tex2html_wrap_inline64426:6.83331pt::0.0pt::9.6667pt.
[565


]
l2hSize :tex2html_wrap_inline64428:6.83331pt::0.0pt::11.23613pt.
[566


]
l2hSize :tex2html_wrap_inline64466:6.95831pt::6.95831pt::20.2663pt.
[567


]
l2hSize :tex2html_wrap_inline64472:6.95831pt::6.95831pt::12.60945pt.
[568


]
l2hSize :tex2html_wrap_inline64480:8.0pt::8.0pt::59.316pt.
[569


]
l2hSize :tex2html_wrap_inline64482:6.95831pt::6.95831pt::22.8068pt.
[570


]
l2hSize :tex2html_wrap_inline64484:8.0pt::8.0pt::31.4538pt.
[571


]
l2hSize :tex2html_wrap_inline64494:8.0pt::8.0pt::27.74316pt.
[572


]
l2hSize :tex2html_wrap_inline64524:7.44444pt::7.44444pt::23.4108pt.
[573


]
l2hSize :tex2html_wrap_inline64526:7.44444pt::7.44444pt::56.5102pt.
[574


]
l2hSize :tex2html_wrap_inline64530:8.0pt::8.0pt::28.27205pt.
[575


]
l2hSize :tex2html_wrap_inline64532:7.44444pt::7.44444pt::28.24501pt.
[576


]
l2hSize :tex2html_wrap_inline64536:7.44444pt::7.44444pt::39.9605pt.
[577


]
l2hSize :tex2html_wrap_inline64540:7.44444pt::7.44444pt::22.29971pt.
[578


]
l2hSize :tex2html_wrap_inline64550:6.94444pt::0.0pt::27.73836pt.
[579


]
l2hSize :tex2html_wrap_inline64586:6.95831pt::6.95831pt::42.12256pt.
[580


]
l2hSize :tex2html_wrap_inline64594:6.83331pt::0.0pt::8.55559pt.
[581


]
l2hSize :tex2html_wrap_inline64614:7.44444pt::7.44444pt::54.48788pt.
[582


]
l2hSize :tex2html_wrap_inline64624:6.45831pt::0.0pt::26.50226pt.
[583


]
l2hSize :tex2html_wrap_inline64648:6.95831pt::6.95831pt::9.1152pt.
[584


]
l2hSize :tex2html_wrap_inline64650:7.44444pt::7.44444pt::8.12097pt.
[585


]
l2hSize :tex2html_wrap_inline64780:6.59525pt::0.0pt::43.28061pt.
[586


]
l2hSize :tex2html_wrap_inline64788:7.09525pt::7.09525pt::54.08214pt.
[587


]
l2hSize :tex2html_wrap_inline64796:7.09525pt::7.09525pt::21.96887pt.
[588


]
l2hSize :tex2html_wrap_inline64804:8.0pt::8.0pt::23.64352pt.
[589


]
l2hSize :tex2html_wrap_inline64814:8.0pt::8.0pt::13.9931pt.
[590


]
l2hSize :tex2html_wrap_inline64816:8.0pt::8.0pt::12.88199pt.
[591


]
l2hSize :tex2html_wrap_inline64820:8.0pt::8.0pt::4.38893pt.
[592


]
l2hSize :tex2html_wrap_inline64824:8.0pt::8.0pt::32.8773pt.
[593


]
l2hSize :tex2html_wrap_inline64828:6.45831pt::0.0pt::23.82863pt.
[594


]
l2hSize :tex2html_wrap_inline64832:8.0pt::8.0pt::33.34953pt.
[595


]
l2hSize :tex2html_wrap_inline64836:6.95831pt::6.95831pt::24.30086pt.
[596


]
l2hSize :tex2html_wrap_inline64848:8.0pt::8.0pt::49.97217pt.
[597


]
l2hSize :tex2html_wrap_inline64850:8.0pt::8.0pt::55.97565pt.
[598


]
l2hSize :tex2html_wrap_inline64884:6.95831pt::6.95831pt::17.32632pt.
[599


]
l2hSize :tex2html_wrap_inline64886:8.0pt::8.0pt::13.48384pt.
[600


]
l2hSize :tex2html_wrap_inline64892:8.0pt::8.0pt::34.09029pt.
[601


]
l2hSize :tex2html_wrap_inline64896:6.6428pt::0.0pt::11.14937pt.
[602


]
l2hSize :tex2html_wrap_inline64902:8.0pt::8.0pt::32.60883pt.
[603


]
l2hSize :tex2html_wrap_inline64904:6.6428pt::0.0pt::17.60536pt.
[604


]
l2hSize :tex2html_wrap_inline64906:6.95831pt::6.95831pt::24.83562pt.
[605


]
l2hSize :tex2html_wrap_inline64918:8.0pt::8.0pt::22.85072pt.
[606


]
l2hSize :tex2html_wrap_inline64924:8.0pt::8.0pt::42.76851pt.
[607


]
l2hSize :tex2html_wrap_inline64926:8.0pt::8.0pt::32.76506pt.
[608


]
l2hSize :tex2html_wrap_inline64978:8.49002pt::0.0pt::15.06952pt.
[609


]
l2hSize :tex2html_wrap_inline65018:6.95831pt::6.95831pt::39.87378pt.
[610


]
l2hSize :tex2html_wrap_inline65024:6.95831pt::6.95831pt::7.44043pt.
[611


]
l2hSize :tex2html_wrap_inline65026:6.95831pt::6.95831pt::10.37851pt.
[612


]
l2hSize :tex2html_wrap_inline65050:6.95831pt::6.95831pt::11.88895pt.
[613


]
l2hSize :tex2html_wrap_inline65054:6.95831pt::6.95831pt::22.44438pt.
[614


]
l2hSize :tex2html_wrap_inline65060:8.0pt::8.0pt::20.74313pt.
[615


]
l2hSize :tex2html_wrap_inline65086:6.83331pt::0.0pt::8.73895pt.
[616


]
l2hSize :tex2html_wrap_inline65210:6.95831pt::6.95831pt::13.56372pt.
[617


]
l2hSize :tex2html_wrap_inline65220:6.95831pt::6.95831pt::24.11916pt.
[618


]
l2hSize :tex2html_wrap_inline65286:8.0pt::8.0pt::47.65158pt.
[619


]
l2hSize :tex2html_wrap_inline65292:6.95831pt::6.95831pt::24.83562pt.
[620


]
l2hSize :tex2html_wrap_inline65326:8.0pt::8.0pt::123.64941pt.
[621


]
l2hSize :tex2html_wrap_inline65330:7.44444pt::7.44444pt::21.67601pt.
[622


]
l2hSize :tex2html_wrap_inline65332:7.44444pt::7.44444pt::30.98738pt.
[623


]
l2hSize :tex2html_wrap_inline65334:7.44444pt::7.44444pt::17.92024pt.
[624


]
l2hSize :tex2html_wrap_inline65336:7.44444pt::7.44444pt::23.23569pt.
[625


]
l2hSize :tex2html_wrap_inline65344:8.0pt::8.0pt::45.11688pt.
[626


]
l2hSize :tex2html_wrap_inline65368:8.0pt::8.0pt::115.43762pt.
[627


]
l2hSize :tex2html_wrap_inline65382:8.8332pt::0.0pt::20.9479pt.
[628


]
l2hSize :tex2html_wrap_inline65388:8.0pt::8.0pt::38.04753pt.
[629


]
l2hSize :tex2html_wrap_inline65396:8.8332pt::0.0pt::8.17018pt.
[630


]
l2hSize :tex2html_wrap_inline65422:8.49002pt::0.0pt::13.54175pt.
[631


]
l2hSize :tex2html_wrap_inline65430:6.95831pt::6.95831pt::41.96408pt.
[632


]
l2hSize :tex2html_wrap_inline65442:8.0pt::8.0pt::59.62036pt.
[633


]
l2hSize :tex2html_wrap_inline65510:6.95831pt::6.95831pt::8.27783pt.
[634


]
l2hSize :tex2html_wrap_inline65516:6.95831pt::6.95831pt::8.27783pt.
[635


]
l2hSize :tex2html_wrap_inline65556:6.95831pt::6.95831pt::10.01741pt.
[636


]
l2hSize :tex2html_wrap_inline65558:6.95831pt::6.95831pt::10.01741pt.
[637


]
l2hSize :tex2html_wrap_inline65570:7.44444pt::7.44444pt::37.39117pt.
[638


]
l2hSize :tex2html_wrap_inline65572:7.44444pt::7.44444pt::9.27782pt.
[639


]
l2hSize :tex2html_wrap_inline65574:7.44444pt::7.44444pt::9.27782pt.
[640


]
l2hSize :tex2html_wrap_inline65612:7.44444pt::7.44444pt::19.8843pt.
[641


]
l2hSize :tex2html_wrap_inline65616:8.0pt::8.0pt::48.61685pt.
[642


]
l2hSize :tex2html_wrap_inline65618:8.0pt::8.0pt::49.67244pt.
[643


]
l2hSize :tex2html_wrap_inline65620:8.0pt::8.0pt::102.23367pt.
[644


]
l2hSize :tex2html_wrap_inline65622:7.44444pt::7.44444pt::118.38437pt.
[645


]
l2hSize :tex2html_wrap_inline65630:7.44444pt::7.44444pt::104.30663pt.
[646


]
l2hSize :tex2html_wrap_inline65642:8.0pt::8.0pt::46.86224pt.
[647


]
l2hSize :tex2html_wrap_inline65646:6.95831pt::6.95831pt::54.0915pt.
[648


]
l2hSize :tex2html_wrap_inline65662:8.01782pt::8.01782pt::59.7165pt.
[649


]
l2hSize :tex2html_wrap_inline65688:6.95831pt::6.95831pt::10.48962pt.
[650


]
l2hSize :tex2html_wrap_inline65690:7.33331pt::7.33331pt::24.11795pt.
[651


]
l2hSize :displaymath65810:25.00023pt::0.0pt::349.0pt.
[652


]
l2hSize :tex2html_wrap_inline65862:8.0pt::8.0pt::24.88864pt.
[653


]
l2hSize :tex2html_wrap_inline65864:6.45831pt::0.0pt::4.55907pt.
[654


]
l2hSize :tex2html_wrap_inline65876:8.0pt::8.0pt::19.2547pt.
[655


]
l2hSize :tex2html_wrap_inline65880:8.0pt::8.0pt::34.77196pt.
[656


]
l2hSize :tex2html_wrap_inline65914:6.45831pt::0.0pt::35.07869pt.
[657


]
l2hSize :tex2html_wrap_inline65916:6.95831pt::6.95831pt::28.61574pt.
[658


]
l2hSize :tex2html_wrap_inline65934:8.54175pt::8.54175pt::42.03423pt.
[659


]
l2hSize :tex2html_wrap_inline65936:8.0pt::8.0pt::111.64175pt.
[660


]
l2hSize :tex2html_wrap_inline65944:6.95831pt::6.95831pt::66.05946pt.
[661


]
l2hSize :tex2html_wrap_inline65946:6.95831pt::6.95831pt::154.20586pt.
[662


]
l2hSize :tex2html_wrap_inline65970:6.95831pt::6.95831pt::12.96533pt.
[663


]
l2hSize :tex2html_wrap_inline66000:6.95831pt::6.95831pt::23.69904pt.
[664


]
l2hSize :tex2html_wrap_inline66002:6.95831pt::6.95831pt::13.9931pt.
[665


]
l2hSize :tex2html_wrap_inline66008:6.95831pt::6.95831pt::20.50005pt.
[666


]
l2hSize :tex2html_wrap_inline66012:6.95831pt::6.95831pt::51.34245pt.
[667


]
l2hSize :tex2html_wrap_inline66026:6.95831pt::6.95831pt::15.92131pt.
[668


]
l2hSize :tex2html_wrap_inline66058:6.95831pt::6.95831pt::20.92125pt.
[669


]
l2hSize :tex2html_wrap_inline66094:6.83331pt::0.0pt::8.0417pt.
[670


]
l2hSize :tex2html_wrap_inline66110:6.45831pt::0.0pt::8.27783pt.
[671


]
l2hSize :tex2html_wrap_inline66114:6.45831pt::0.0pt::7.16672pt.
[672


]
l2hSize :tex2html_wrap_inline66118:6.45831pt::0.0pt::7.16672pt.
[673


]
l2hSize :tex2html_wrap_inline66134:6.95831pt::6.95831pt::18.27782pt.
[674


]
l2hSize :tex2html_wrap_inline66138:6.45831pt::0.0pt::16.34143pt.
[675


]
l2hSize :tex2html_wrap_inline66140:8.0pt::8.0pt::28.02441pt.
[676


]
l2hSize :tex2html_wrap_inline66142:6.94444pt::0.0pt::21.1886pt.
[677


]
l2hSize :tex2html_wrap_inline66144:8.0pt::8.0pt::34.15863pt.
[678


]
l2hSize :tex2html_wrap_inline66146:6.94444pt::0.0pt::21.1886pt.
[679


]
l2hSize :tex2html_wrap_inline66148:8.0pt::8.0pt::41.01514pt.
[680


]
l2hSize :tex2html_wrap_inline66150:8.0pt::8.0pt::36.49428pt.
[681


]
l2hSize :displaymath66152:14.5pt::0.0pt::349.0pt.
[682


]
l2hSize :tex2html_wrap_inline66154:6.45831pt::0.0pt::14.96072pt.
[683


]
l2hSize :tex2html_wrap_inline66156:6.45831pt::0.0pt::10.13663pt.
[684


]
l2hSize :tex2html_wrap_inline66158:6.94444pt::0.0pt::16.99313pt.
[685


]
l2hSize :tex2html_wrap_inline66174:6.95831pt::6.95831pt::42.45247pt.
[686


]
l2hSize :tex2html_wrap_inline66176:6.94444pt::0.0pt::39.52184pt.
[687


]
l2hSize :tex2html_wrap_inline66178:6.94444pt::0.0pt::39.52184pt.
[688


]
l2hSize :tex2html_wrap_inline66180:8.0pt::8.0pt::54.82751pt.
[689


]
l2hSize :tex2html_wrap_inline66184:8.64003pt::8.64003pt::31.27774pt.
[690


]
l2hSize :tex2html_wrap_inline66188:8.64003pt::8.64003pt::46.97559pt.
[691


]
l2hSize :tex2html_wrap_inline66208:9.1555pt::9.1555pt::44.54863pt.
[692


]
l2hSize :tex2html_wrap_inline66212:9.1555pt::9.1555pt::44.81021pt.
[693


]
l2hSize :tex2html_wrap_inline66216:9.1555pt::9.1555pt::44.81021pt.
[694


]
l2hSize :tex2html_wrap_inline66218:9.1555pt::9.1555pt::63.23373pt.
[695


]
l2hSize :tex2html_wrap_inline66230:6.45831pt::0.0pt::10.68063pt.
[696


]
l2hSize :tex2html_wrap_inline66232:6.45831pt::0.0pt::5.59033pt.
[697


]
l2hSize :tex2html_wrap_inline66250:6.95831pt::6.95831pt::22.58792pt.
[698


]
l2hSize :tex2html_wrap_inline66302:6.95831pt::6.95831pt::30.55089pt.
[699


]
l2hSize :tex2html_wrap_inline66304:8.0pt::8.0pt::78.77531pt.
[700


]
l2hSize :tex2html_wrap_inline66308:8.0pt::8.0pt::68.62503pt.
[701


]
l2hSize :tex2html_wrap_inline66378:8.0pt::8.0pt::12.05795pt.
[702


]
l2hSize :tex2html_wrap_inline66384:8.0pt::8.0pt::20.07756pt.
[703


]
l2hSize :tex2html_wrap_inline66386:8.0pt::8.0pt::34.67484pt.
[704


]
l2hSize :tex2html_wrap_inline66418:6.95831pt::6.95831pt::82.80653pt.
[705


]
l2hSize :tex2html_wrap_inline66490:8.49002pt::0.0pt::13.54175pt.
[706


]
l2hSize :tex2html_wrap_inline66502:7.44444pt::7.44444pt::23.12492pt.
[707


]
l2hSize :tex2html_wrap_inline66514:8.0pt::8.0pt::50.79385pt.
[708


]
l2hSize :tex2html_wrap_inline66516:8.0pt::8.0pt::52.50455pt.
[709


]
l2hSize :tex2html_wrap_inline66518:8.0pt::8.0pt::72.46848pt.
[710


]
l2hSize :tex2html_wrap_inline66528:8.0pt::8.0pt::59.4281pt.
[711


]
l2hSize :tex2html_wrap_inline66536:8.0pt::8.0pt::31.07175pt.
[712


]
l2hSize :tex2html_wrap_inline66538:8.0pt::8.0pt::21.86116pt.
[713


]
l2hSize :tex2html_wrap_inline66544:8.54175pt::8.54175pt::49.90749pt.
[714


]
l2hSize :tex2html_wrap_inline66550:8.0pt::8.0pt::41.23264pt.
[715


]
l2hSize :tex2html_wrap_inline66552:8.0pt::8.0pt::26.78827pt.
[716


]
l2hSize :tex2html_wrap_inline66558:6.95831pt::6.95831pt::23.00807pt.
[717


]
l2hSize :tex2html_wrap_inline66560:6.95831pt::6.95831pt::23.00807pt.
[718


]
l2hSize :tex2html_wrap_inline66564:8.49002pt::0.0pt::29.13815pt.
[719


]
l2hSize :displaymath66566:14.5pt::0.0pt::349.0pt.
[720


]
l2hSize :tex2html_wrap_inline66582:6.95831pt::6.95831pt::14.28018pt.
[721


]
l2hSize :tex2html_wrap_inline66612:6.95831pt::6.95831pt::10.32065pt.
[722


]
l2hSize :tex2html_wrap_inline66616:6.95831pt::6.95831pt::27.36569pt.
[723


]
l2hSize :tex2html_wrap_inline66644:8.0pt::8.0pt::73.2047pt.
[724


]
l2hSize :tex2html_wrap_inline66648:8.0pt::8.0pt::50.5pt.
[725


]
l2hSize :tex2html_wrap_inline66654:7.44444pt::7.44444pt::52.1908pt.
[726


]
l2hSize :tex2html_wrap_inline66668:6.95831pt::6.95831pt::24.54854pt.
[727


]
l2hSize :tex2html_wrap_inline66676:6.95831pt::6.95831pt::24.54854pt.
[728


]
l2hSize :tex2html_wrap_inline66682:6.95831pt::6.95831pt::24.81012pt.
[729


]
l2hSize :tex2html_wrap_inline66684:6.95831pt::6.95831pt::24.81012pt.
[730


]
l2hSize :tex2html_wrap_inline66690:6.95831pt::6.95831pt::24.81012pt.
[731


]
l2hSize :tex2html_wrap_inline66740:7.44444pt::7.44444pt::23.4108pt.
[732


]
l2hSize :tex2html_wrap_inline66742:7.44444pt::7.44444pt::23.4108pt.
[733


]
l2hSize :tex2html_wrap_inline66744:7.44444pt::7.44444pt::23.4108pt.
[734


]
l2hSize :tex2html_wrap_inline66746:7.44444pt::7.44444pt::23.4108pt.
[735


]
l2hSize :tex2html_wrap_inline66768:6.94444pt::0.0pt::23.4108pt.
[736


]
l2hSize :tex2html_wrap_inline66790:6.45831pt::0.0pt::16.05563pt.
[737


]
l2hSize :tex2html_wrap_inline66824:6.94444pt::0.0pt::34.52193pt.
[738


]
l2hSize :tex2html_wrap_inline66882:7.44444pt::7.44444pt::24.81012pt.
[739


]
l2hSize :tex2html_wrap_inline66896:6.45831pt::0.0pt::24.83562pt.
[740


]
l2hSize :tex2html_wrap_inline66900:6.95831pt::6.95831pt::24.83562pt.
[741


]
l2hSize :tex2html_wrap_inline66952:8.0pt::8.0pt::18.57765pt.
[742


]
l2hSize :tex2html_wrap_inline66956:8.0pt::8.0pt::13.4063pt.
[743


]
l2hSize :tex2html_wrap_inline67042:8.0pt::8.0pt::10.50006pt.
[744


]
l2hSize :tex2html_wrap_inline67108:6.95831pt::6.95831pt::52.25676pt.
[745


]
l2hSize :tex2html_wrap_inline67204:8.0pt::8.0pt::17.73386pt.
[746


]
l2hSize :tex2html_wrap_inline67284:6.83331pt::0.0pt::8.30907pt.
[747


]
l2hSize :tex2html_wrap_inline67308:7.44444pt::7.44444pt::49.23087pt.
[748


]
l2hSize :tex2html_wrap_inline67310:6.59525pt::0.0pt::28.95317pt.
[749


]
l2hSize :tex2html_wrap_inline67312:7.09525pt::7.09525pt::22.2784pt.
[750


]
l2hSize :tex2html_wrap_inline67314:6.95831pt::6.95831pt::30.50806pt.
[751


]
l2hSize :tex2html_wrap_inline67316:7.44444pt::7.44444pt::48.11978pt.
[752


]
l2hSize :tex2html_wrap_inline67318:8.0pt::8.0pt::61.34946pt.
[753


]
l2hSize :tex2html_wrap_inline67320:7.44444pt::7.44444pt::66.45302pt.
[754


]
l2hSize :tex2html_wrap_inline67322:8.0pt::8.0pt::76.01736pt.
[755


]
l2hSize :tex2html_wrap_inline67334:7.44444pt::7.44444pt::14.11928pt.
[756


]
l2hSize :tex2html_wrap_inline67348:8.0pt::8.0pt::83.4257pt.
[757


]
l2hSize :tex2html_wrap_inline67376:8.0pt::8.0pt::21.88264pt.
[758


]
l2hSize :tex2html_wrap_inline67378:6.45831pt::0.0pt::23.15964pt.
[759


]
l2hSize :tex2html_wrap_inline67380:6.59525pt::0.0pt::22.2784pt.
[760


]
l2hSize :tex2html_wrap_inline67382:6.59525pt::0.0pt::22.2784pt.
[761


]
l2hSize :tex2html_wrap_inline67426:6.45831pt::0.0pt::18.56364pt.
[762


]
l2hSize :tex2html_wrap_inline67472:8.0pt::8.0pt::45.42935pt.
[763


]
l2hSize :tex2html_wrap_inline67488:6.83331pt::0.0pt::9.70836pt.
[764


]
l2hSize :tex2html_wrap_inline67492:6.94444pt::0.0pt::6.26161pt.
[765


]
l2hSize :tex2html_wrap_inline67514:8.0pt::8.0pt::23.4491pt.
[766


]
l2hSize :tex2html_wrap_inline67516:8.0pt::8.0pt::71.24313pt.
[767


]
l2hSize :tex2html_wrap_inline67570:6.45831pt::0.0pt::14.56606pt.
[768


]
l2hSize :tex2html_wrap_inline67572:9.83336pt::9.83336pt::38.29543pt.
[769


]
l2hSize :tex2html_wrap_inline67596:6.45831pt::0.0pt::36.39233pt.
[770


]
l2hSize :tex2html_wrap_inline67692:6.94444pt::0.0pt::3.6806pt.
[771


]
l2hSize :tex2html_wrap_inline67702:7.44444pt::7.44444pt::20.90276pt.
[772


]
l2hSize :tex2html_wrap_inline67706:7.44444pt::7.44444pt::20.90276pt.
[773


]
l2hSize :tex2html_wrap_inline67714:8.0pt::8.0pt::48.83333pt.
[774


]
l2hSize :tex2html_wrap_inline67716:7.44444pt::7.44444pt::20.90276pt.
[775


]
l2hSize :tex2html_wrap_inline67718:8.0pt::8.0pt::29.94447pt.
[776


]
l2hSize :tex2html_wrap_inline67724:8.0pt::8.0pt::19.39586pt.
[777


]
l2hSize :tex2html_wrap_inline67726:8.0pt::8.0pt::18.36809pt.
[778


]
l2hSize :tex2html_wrap_inline67734:8.0pt::8.0pt::19.39586pt.
[779


]
l2hSize :tex2html_wrap_inline67742:6.94444pt::0.0pt::12.46074pt.
[780


]
l2hSize :tex2html_wrap_inline67748:6.94444pt::0.0pt::26.84785pt.
[781


]
l2hSize :tex2html_wrap_inline67750:6.94444pt::0.0pt::9.90352pt.
[782


]
l2hSize :tex2html_wrap_inline67768:8.0pt::8.0pt::68.1104pt.
[783


]
l2hSize :tex2html_wrap_inline67770:8.0pt::8.0pt::40.70903pt.
[784


]
l2hSize :tex2html_wrap_inline67772:7.44444pt::7.44444pt::24.04459pt.
[785


]
l2hSize :tex2html_wrap_inline67774:7.44444pt::7.44444pt::7.96996pt.
[786


]
l2hSize :tex2html_wrap_inline67776:7.44444pt::7.44444pt::7.96996pt.
[787


]
l2hSize :tex2html_wrap_inline67842:7.44444pt::7.44444pt::7.00467pt.
[788


]
l2hSize :tex2html_wrap_inline67844:7.44444pt::7.44444pt::8.66791pt.
[789


]
l2hSize :tex2html_wrap_inline67926:8.0pt::8.0pt::59.1875pt.
[790


]
l2hSize :tex2html_wrap_inline67990:8.0pt::8.0pt::140.58076pt.
[791


]
l2hSize :tex2html_wrap_inline67994:8.0pt::8.0pt::167.53336pt.
[792


]
l2hSize :tex2html_wrap_inline68014:8.0pt::8.0pt::160.33888pt.
[793


]
l2hSize :tex2html_wrap_inline68016:8.0pt::8.0pt::30.93747pt.
[794


]
l2hSize :tex2html_wrap_inline68074:8.0pt::8.0pt::49.53325pt.
[795


]
l2hSize :tex2html_wrap_inline68078:8.0pt::8.0pt::46.22452pt.
[796


]
l2hSize :tex2html_wrap_inline68080:6.94444pt::0.0pt::57.23135pt.
[797


]
l2hSize :tex2html_wrap_inline68082:7.44444pt::7.44444pt::25.35645pt.
[798


]
l2hSize :tex2html_wrap_inline68088:6.45831pt::0.0pt::20.50009pt.
[799


]
l2hSize :tex2html_wrap_inline68096:6.95831pt::6.95831pt::64.25853pt.
[800


]
l2hSize :tex2html_wrap_inline68098:6.95831pt::6.95831pt::148.80305pt.
[801


]
l2hSize :tex2html_wrap_inline68108:6.45831pt::0.0pt::17.96526pt.
[802


]
l2hSize :tex2html_wrap_inline68116:8.64003pt::8.64003pt::73.87505pt.
[803


]
l2hSize :tex2html_wrap_inline68146:8.0pt::8.0pt::41.8888pt.
[804


]
l2hSize :tex2html_wrap_inline68150:8.0pt::8.0pt::122.2256pt.
[805


]
l2hSize :tex2html_wrap_inline68152:8.0pt::8.0pt::207.5228pt.
[806


]
l2hSize :tex2html_wrap_inline68154:8.0pt::8.0pt::58.57634pt.
[807


]
l2hSize :tex2html_wrap_inline68156:8.0pt::8.0pt::92.5838pt.
[808


]
l2hSize :tex2html_wrap_inline68158:7.44444pt::7.44444pt::24.35411pt.
[809


]
l2hSize :tex2html_wrap_inline68160:8.0pt::8.0pt::66.91216pt.
[810


]
l2hSize :tex2html_wrap_inline68164:6.95831pt::6.95831pt::16.28711pt.
[811


]
l2hSize :tex2html_wrap_inline68174:7.44444pt::7.44444pt::25.35645pt.
[812


]
l2hSize :tex2html_wrap_inline68176:7.44444pt::7.44444pt::47.4698pt.
[813


]
l2hSize :tex2html_wrap_inline68184:8.0pt::8.0pt::45.02751pt.
[814


]
l2hSize :tex2html_wrap_inline68186:8.0pt::8.0pt::167.97104pt.
[815


]
l2hSize :tex2html_wrap_inline68234:6.45831pt::0.0pt::8.79865pt.
[816


]
l2hSize :tex2html_wrap_inline68246:6.95831pt::6.95831pt::21.02078pt.
[817


]
l2hSize :tex2html_wrap_inline68248:6.95831pt::6.95831pt::43.65944pt.
[818


]
l2hSize :tex2html_wrap_inline68250:6.95831pt::6.95831pt::43.65944pt.
[819


]
l2hSize :tex2html_wrap_inline68256:8.0pt::8.0pt::47.09712pt.
[820


]
l2hSize :tex2html_wrap_inline68322:8.0pt::8.0pt::87.13197pt.
[821


]
l2hSize :tex2html_wrap_inline68326:7.44444pt::7.44444pt::43.06363pt.
[822


]
l2hSize :tex2html_wrap_inline68330:8.0pt::8.0pt::93.67345pt.
[823


]
l2hSize :tex2html_wrap_inline68354:8.0pt::8.0pt::37.06018pt.
[824


]
l2hSize :tex2html_wrap_inline68356:6.95831pt::6.95831pt::23.90851pt.
[825


]
l2hSize :tex2html_wrap_inline68358:8.0pt::8.0pt::37.5567pt.
[826


]
l2hSize :tex2html_wrap_inline68360:7.44444pt::7.44444pt::23.4108pt.
[827


]
l2hSize :tex2html_wrap_inline68362:7.44444pt::7.44444pt::22.91428pt.
[828


]
l2hSize :tex2html_wrap_inline68364:8.0pt::8.0pt::36.56247pt.
[829


]
l2hSize :tex2html_wrap_inline68366:7.44444pt::7.44444pt::41.53339pt.
[830


]
l2hSize :tex2html_wrap_inline68368:8.0pt::8.0pt::86.15498pt.
[831


]
l2hSize :tex2html_wrap_inline68398:6.95831pt::6.95831pt::42.19092pt.
[832


]
l2hSize :tex2html_wrap_inline68402:6.95831pt::6.95831pt::8.599pt.
[833


]
l2hSize :tex2html_wrap_inline68406:6.95831pt::6.95831pt::42.90852pt.
[834


]
l2hSize :displaymath68408:13.94444pt::0.0pt::349.0pt.
[835


]
l2hSize :tex2html_wrap_inline68410:6.95831pt::6.95831pt::10.71304pt.
[836


]
l2hSize :displaymath68422:13.94444pt::0.0pt::349.0pt.
[837


]
l2hSize :tex2html_wrap_inline68480:8.54175pt::8.54175pt::39.62173pt.
[838


]
l2hSize :tex2html_wrap_inline68500:8.0pt::8.0pt::59.93631pt.
[839


]
l2hSize :tex2html_wrap_inline68502:8.0pt::8.0pt::48.31938pt.
[840


] (images.aux)

LaTeX Warning: There were multiply-defined labels.

 ) 
Here is how much of TeX's memory you used:
 4014 strings out of 10870
 66876 string characters out of 172641
 144932 words of memory out of 263001
 6971 multiletter control sequences out of 10000+20000
 5583 words of font info for 23 fonts, out of 400000 for 1000
 16 hyphenation exceptions out of 1000
 32i,11n,43p,301b,234s stack positions out of 300i,100n,500p,50000b,4000s

Output written on images.dvi (840 pages, 227936 bytes).
